RENAME: 01_Kho_LUT_Chinh_Mau/Format_CUBE/2383.cube -> 01_Kho_LUT_Chinh_Mau/Format_CUBE/2383.cube
RENAME: 01_Kho_LUT_Chinh_Mau/Format_CUBE/2383lumix.cube -> 01_Kho_LUT_Chinh_Mau/Format_CUBE/2383lumix.cube
RENAME: 01_Kho_LUT_Chinh_Mau/Format_CUBE/2383lumix1.cube -> 01_Kho_LUT_Chinh_Mau/Format_CUBE/2383lumix1.cube
RENAME: 01_Kho_LUT_Chinh_Mau/Format_CUBE/3513.cube -> 01_Kho_LUT_Chinh_Mau/Format_CUBE/3513.cube
RENAME: 01_Kho_LUT_Chinh_Mau/Format_CUBE/5213.cube -> 01_Kho_LUT_Chinh_Mau/Format_CUBE/5213.cube
RENAME: 01_Kho_LUT_Chinh_Mau/Format_CUBE/709.cube -> 01_Kho_LUT_Chinh_Mau/Format_CUBE/709.cube
RENAME: 01_Kho_LUT_Chinh_Mau/Format_CUBE/709Chuyen_dung_709.cube -> 01_Kho_LUT_Chinh_Mau/Format_CUBE/709chuyen_dung_709.cube
RENAME: 01_Kho_LUT_Chinh_Mau/Format_CUBE/709_1.cube -> 01_Kho_LUT_Chinh_Mau/Format_CUBE/709_1.cube
RENAME: 01_Kho_LUT_Chinh_Mau/Format_CUBE/709_2.cube -> 01_Kho_LUT_Chinh_Mau/Format_CUBE/709_2.cube
RENAME: 01_Kho_LUT_Chinh_Mau/Format_CUBE/709_3.cube -> 01_Kho_LUT_Chinh_Mau/Format_CUBE/709_3.cube
RENAME: 01_Kho_LUT_Chinh_Mau/Format_CUBE/709_4.cube -> 01_Kho_LUT_Chinh_Mau/Format_CUBE/709_4.cube
RENAME: 01_Kho_LUT_Chinh_Mau/Format_CUBE/709_5.cube -> 01_Kho_LUT_Chinh_Mau/Format_CUBE/709_5.cube
RENAME: 01_Kho_LUT_Chinh_Mau/Format_CUBE/Altay709.cube -> 01_Kho_LUT_Chinh_Mau/Format_CUBE/Altay709.cube
RENAME: 01_Kho_LUT_Chinh_Mau/Format_CUBE/Am_thuc_Do_an.cube -> 01_Kho_LUT_Chinh_Mau/Format_CUBE/Am_thuc_do_an.cube
RENAME: 01_Kho_LUT_Chinh_Mau/Format_CUBE/Anime.cube -> 01_Kho_LUT_Chinh_Mau/Format_CUBE/Anime.cube
RENAME: 01_Kho_LUT_Chinh_Mau/Format_CUBE/Anime709.cube -> 01_Kho_LUT_Chinh_Mau/Format_CUBE/Anime709.cube
RENAME: 01_Kho_LUT_Chinh_Mau/Format_CUBE/ASTIA.cube -> 01_Kho_LUT_Chinh_Mau/Format_CUBE/Astia.cube
RENAME: 01_Kho_LUT_Chinh_Mau/Format_CUBE/Canh_dem1.cube -> 01_Kho_LUT_Chinh_Mau/Format_CUBE/Canh_dem1.cube
RENAME: 01_Kho_LUT_Chinh_Mau/Format_CUBE/Canh_dem2.cube -> 01_Kho_LUT_Chinh_Mau/Format_CUBE/Canh_dem2.cube
RENAME: 01_Kho_LUT_Chinh_Mau/Format_CUBE/CC.cube -> 01_Kho_LUT_Chinh_Mau/Format_CUBE/Cc.cube
RENAME: 01_Kho_LUT_Chinh_Mau/Format_CUBE/Chan_dung.cube -> 01_Kho_LUT_Chinh_Mau/Format_CUBE/Chan_dung.cube
RENAME: 01_Kho_LUT_Chinh_Mau/Format_CUBE/Chan_dung1.cube -> 01_Kho_LUT_Chinh_Mau/Format_CUBE/Chan_dung1.cube
RENAME: 01_Kho_LUT_Chinh_Mau/Format_CUBE/Chan_dung2.cube -> 01_Kho_LUT_Chinh_Mau/Format_CUBE/Chan_dung2.cube
RENAME: 01_Kho_LUT_Chinh_Mau/Format_CUBE/Chan_dungcold.cube -> 01_Kho_LUT_Chinh_Mau/Format_CUBE/Chan_dungcold.cube
RENAME: 01_Kho_LUT_Chinh_Mau/Format_CUBE/Chan_dunglut_Chan_dung1.cube -> 01_Kho_LUT_Chinh_Mau/Format_CUBE/Chan_dunglut_chan_dung1.cube
RENAME: 01_Kho_LUT_Chinh_Mau/Format_CUBE/Chan_dunglut_Chan_dung2.cube -> 01_Kho_LUT_Chinh_Mau/Format_CUBE/Chan_dunglut_chan_dung2.cube
RENAME: 01_Kho_LUT_Chinh_Mau/Format_CUBE/Chan_dunglut_Chan_dungcold.cube -> 01_Kho_LUT_Chinh_Mau/Format_CUBE/Chan_dunglut_chan_dungcold.cube
RENAME: 01_Kho_LUT_Chinh_Mau/Format_CUBE/Chan_dunglut_Chan_dungred.cube -> 01_Kho_LUT_Chinh_Mau/Format_CUBE/Chan_dunglut_chan_dungred.cube
RENAME: 01_Kho_LUT_Chinh_Mau/Format_CUBE/Chan_dungred.cube -> 01_Kho_LUT_Chinh_Mau/Format_CUBE/Chan_dungred.cube
RENAME: 01_Kho_LUT_Chinh_Mau/Format_CUBE/Chan_dung_2_Chan_dung.cube -> 01_Kho_LUT_Chinh_Mau/Format_CUBE/Chan_dung_2_chan_dung.cube
RENAME: 01_Kho_LUT_Chinh_Mau/Format_CUBE/Chat_phim_Dien_anh_Nhat_Ban.cube -> 01_Kho_LUT_Chinh_Mau/Format_CUBE/Chat_phim_dien_anh_nhat_ban.cube
RENAME: 01_Kho_LUT_Chinh_Mau/Format_CUBE/Chuyen_dung_709_Dien_thoai_warm2.cube -> 01_Kho_LUT_Chinh_Mau/Format_CUBE/Chuyen_dung_709_dien_thoai_warm2.cube
RENAME: 01_Kho_LUT_Chinh_Mau/Format_CUBE/cinematic709.cube -> 01_Kho_LUT_Chinh_Mau/Format_CUBE/Cinematic709.cube
RENAME: 01_Kho_LUT_Chinh_Mau/Format_CUBE/Cinema_Teal.cube -> 01_Kho_LUT_Chinh_Mau/Format_CUBE/Cinema_teal.cube
RENAME: 01_Kho_LUT_Chinh_Mau/Format_CUBE/CN.cube -> 01_Kho_LUT_Chinh_Mau/Format_CUBE/Cn.cube
RENAME: 01_Kho_LUT_Chinh_Mau/Format_CUBE/cnlike.cube -> 01_Kho_LUT_Chinh_Mau/Format_CUBE/Cnlike.cube
RENAME: 01_Kho_LUT_Chinh_Mau/Format_CUBE/coolstyle.cube -> 01_Kho_LUT_Chinh_Mau/Format_CUBE/Coolstyle.cube
RENAME: 01_Kho_LUT_Chinh_Mau/Format_CUBE/Dusty.cube -> 01_Kho_LUT_Chinh_Mau/Format_CUBE/Dusty.cube
RENAME: 01_Kho_LUT_Chinh_Mau/Format_CUBE/ETERNA.cube -> 01_Kho_LUT_Chinh_Mau/Format_CUBE/Eterna.cube
RENAME: 01_Kho_LUT_Chinh_Mau/Format_CUBE/gentle.cube -> 01_Kho_LUT_Chinh_Mau/Format_CUBE/Gentle.cube
RENAME: 01_Kho_LUT_Chinh_Mau/Format_CUBE/HasselbladBlueFilm_Booz.cube -> 01_Kho_LUT_Chinh_Mau/Format_CUBE/Hasselbladbluefilm_booz.cube
RENAME: 01_Kho_LUT_Chinh_Mau/Format_CUBE/HasselbladPortrait_Booz.cube -> 01_Kho_LUT_Chinh_Mau/Format_CUBE/Hasselbladportrait_booz.cube
RENAME: 01_Kho_LUT_Chinh_Mau/Format_CUBE/Interior_V1_-_Mydo.cube -> 01_Kho_LUT_Chinh_Mau/Format_CUBE/Interior_v1_mydo.cube
RENAME: 01_Kho_LUT_Chinh_Mau/Format_CUBE/Interior_V2_-_Mydo.cube -> 01_Kho_LUT_Chinh_Mau/Format_CUBE/Interior_v2_mydo.cube
RENAME: 01_Kho_LUT_Chinh_Mau/Format_CUBE/Kim_人像富士8563_Rec709.cube -> 01_Kho_LUT_Chinh_Mau/Format_CUBE/Kim_8563_brand_6.cube
RENAME: 01_Kho_LUT_Chinh_Mau/Format_CUBE/Kim_仿电影机原生色彩_Rec709.cube -> 01_Kho_LUT_Chinh_Mau/Format_CUBE/Kim_brand_6.cube
RENAME: 01_Kho_LUT_Chinh_Mau/Format_CUBE/Kim_复古柯达5274_Rec709.cube -> 01_Kho_LUT_Chinh_Mau/Format_CUBE/Kim_5274_brand_6.cube
RENAME: 01_Kho_LUT_Chinh_Mau/Format_CUBE/Kim_强对比低饱和富士8552_Rec709.cube -> 01_Kho_LUT_Chinh_Mau/Format_CUBE/Kim_8552_brand_6.cube
RENAME: 01_Kho_LUT_Chinh_Mau/Format_CUBE/kine2383.cube -> 01_Kho_LUT_Chinh_Mau/Format_CUBE/Kine2383.cube
RENAME: 01_Kho_LUT_Chinh_Mau/Format_CUBE/kodak2383.cube -> 01_Kho_LUT_Chinh_Mau/Format_CUBE/Brand_0_2383.cube
RENAME: 01_Kho_LUT_Chinh_Mau/Format_CUBE/kodak2393.cube -> 01_Kho_LUT_Chinh_Mau/Format_CUBE/Brand_0_2393.cube
RENAME: 01_Kho_LUT_Chinh_Mau/Format_CUBE/kodak5213.cube -> 01_Kho_LUT_Chinh_Mau/Format_CUBE/Brand_0_5213.cube
RENAME: 01_Kho_LUT_Chinh_Mau/Format_CUBE/KodakKodk_2383_-_Mydo.cube -> 01_Kho_LUT_Chinh_Mau/Format_CUBE/Brand_0_kodk_2383_mydo.cube
RENAME: 01_Kho_LUT_Chinh_Mau/Format_CUBE/Kodak_2383lut_bmd_1.A007_05040534_C039.cube -> 01_Kho_LUT_Chinh_Mau/Format_CUBE/Brand_0_2383lut_brand_7_1.a007_05040534_c039.cube
RENAME: 01_Kho_LUT_Chinh_Mau/Format_CUBE/Kodak_2383lut_bmd_1.A007_05040534_C039_1.cube -> 01_Kho_LUT_Chinh_Mau/Format_CUBE/Brand_0_2383lut_brand_7_1.a007_05040534_c039_1.cube
RENAME: 01_Kho_LUT_Chinh_Mau/Format_CUBE/Kodak_2383lut_clog3_7.582A0105.cube -> 01_Kho_LUT_Chinh_Mau/Format_CUBE/Brand_0_2383lut_c_brand_8_3_7.582a0105.cube
RENAME: 01_Kho_LUT_Chinh_Mau/Format_CUBE/Kodak_2383lut_clog3_7.582A0105_1.cube -> 01_Kho_LUT_Chinh_Mau/Format_CUBE/Brand_0_2383lut_c_brand_8_3_7.582a0105_1.cube
RENAME: 01_Kho_LUT_Chinh_Mau/Format_CUBE/Kodak_2383lut_sonyslog3_19.C0006.cube -> 01_Kho_LUT_Chinh_Mau/Format_CUBE/Brand_0_2383lut_brand_1_s_brand_8_3_19.c0006.cube
RENAME: 01_Kho_LUT_Chinh_Mau/Format_CUBE/Kodak_2383lut_sonyslog3_19.C0006_1.cube -> 01_Kho_LUT_Chinh_Mau/Format_CUBE/Brand_0_2383lut_brand_1_s_brand_8_3_19.c0006_1.cube
RENAME: 01_Kho_LUT_Chinh_Mau/Format_CUBE/Kodak_2383lut_vlog_25.P1028965.cube -> 01_Kho_LUT_Chinh_Mau/Format_CUBE/Brand_0_2383lut_v_brand_8_25.p1028965.cube
RENAME: 01_Kho_LUT_Chinh_Mau/Format_CUBE/Kodak_2383lut_vlog_25.P1028965_1.cube -> 01_Kho_LUT_Chinh_Mau/Format_CUBE/Brand_0_2383lut_v_brand_8_25.p1028965_1.cube
RENAME: 01_Kho_LUT_Chinh_Mau/Format_CUBE/Kodak_2383lut_zcam_13.A001C1036_20220109174539_0001.cube -> 01_Kho_LUT_Chinh_Mau/Format_CUBE/Brand_0_2383lut_zcam_13.a001c1036_20220109174539_0001.cube
RENAME: 01_Kho_LUT_Chinh_Mau/Format_CUBE/Kodak_2383lut_zcam_13.A001C1036_20220109174539_0001_1.cube -> 01_Kho_LUT_Chinh_Mau/Format_CUBE/Brand_0_2383lut_zcam_13.a001c1036_20220109174539_0001_1.cube
RENAME: 01_Kho_LUT_Chinh_Mau/Format_CUBE/Kodak_2383_2383clog3.cube -> 01_Kho_LUT_Chinh_Mau/Format_CUBE/Brand_0_2383_2383c_brand_8_3.cube
RENAME: 01_Kho_LUT_Chinh_Mau/Format_CUBE/Kodak_2383_2383fujifilm.cube -> 01_Kho_LUT_Chinh_Mau/Format_CUBE/Brand_0_2383_2383_brand_3_phim.cube
RENAME: 01_Kho_LUT_Chinh_Mau/Format_CUBE/Kodak_2383_2383lumix.cube -> 01_Kho_LUT_Chinh_Mau/Format_CUBE/Brand_0_2383_2383lumix.cube
RENAME: 01_Kho_LUT_Chinh_Mau/Format_CUBE/Kodak_2383_2383lumix1.cube -> 01_Kho_LUT_Chinh_Mau/Format_CUBE/Brand_0_2383_2383lumix1.cube
RENAME: 01_Kho_LUT_Chinh_Mau/Format_CUBE/Kodak_2383_2383slog3.cube -> 01_Kho_LUT_Chinh_Mau/Format_CUBE/Brand_0_2383_2383s_brand_8_3.cube
RENAME: 01_Kho_LUT_Chinh_Mau/Format_CUBE/Kodak_2383_2383zlog2.cube -> 01_Kho_LUT_Chinh_Mau/Format_CUBE/Brand_0_2383_2383z_brand_8_2.cube
RENAME: 01_Kho_LUT_Chinh_Mau/Format_CUBE/Kodak_2383_Chat_phim_Dien_anh_Nhat_Ban.cube -> 01_Kho_LUT_Chinh_Mau/Format_CUBE/Brand_0_2383_chat_phim_dien_anh_nhat_ban.cube
RENAME: 01_Kho_LUT_Chinh_Mau/Format_CUBE/Kodak_2383_Chat_phim_Dien_anh_Nhat_Ban_1.cube -> 01_Kho_LUT_Chinh_Mau/Format_CUBE/Brand_0_2383_chat_phim_dien_anh_nhat_ban_1.cube
RENAME: 01_Kho_LUT_Chinh_Mau/Format_CUBE/Kodak_2383_kine2383.cube -> 01_Kho_LUT_Chinh_Mau/Format_CUBE/Brand_0_2383_kine2383.cube
RENAME: 01_Kho_LUT_Chinh_Mau/Format_CUBE/Kodak_2383_Tong_mau_Xanh_Retro.cube -> 01_Kho_LUT_Chinh_Mau/Format_CUBE/Brand_0_2383_tong_mau_xanh_hoai_co.cube
RENAME: 01_Kho_LUT_Chinh_Mau/Format_CUBE/Kodak_2383_Tong_mau_Xanh_Retro_1.cube -> 01_Kho_LUT_Chinh_Mau/Format_CUBE/Brand_0_2383_tong_mau_xanh_hoai_co_1.cube
RENAME: 01_Kho_LUT_Chinh_Mau/Format_CUBE/Kodak_2393_-_Mydo.cube -> 01_Kho_LUT_Chinh_Mau/Format_CUBE/Brand_0_2393_mydo.cube
RENAME: 01_Kho_LUT_Chinh_Mau/Format_CUBE/Kodak_250D_-_Mydo.cube -> 01_Kho_LUT_Chinh_Mau/Format_CUBE/Brand_0_250d_mydo.cube
RENAME: 01_Kho_LUT_Chinh_Mau/Format_CUBE/Kodak_BW_-_Mydo.cube -> 01_Kho_LUT_Chinh_Mau/Format_CUBE/Brand_0_bw_mydo.cube
RENAME: 01_Kho_LUT_Chinh_Mau/Format_CUBE/Kodak_Gold_200_-_Mydo.cube -> 01_Kho_LUT_Chinh_Mau/Format_CUBE/Brand_0_gold_200_mydo.cube
RENAME: 01_Kho_LUT_Chinh_Mau/Format_CUBE/Kodak_Kodk_V1_-_Mydo.cube -> 01_Kho_LUT_Chinh_Mau/Format_CUBE/Brand_0_kodk_v1_mydo.cube
RENAME: 01_Kho_LUT_Chinh_Mau/Format_CUBE/Kodak_Kodk_V2_-_Mydo.cube -> 01_Kho_LUT_Chinh_Mau/Format_CUBE/Brand_0_kodk_v2_mydo.cube
RENAME: 01_Kho_LUT_Chinh_Mau/Format_CUBE/Kodak_Portra_400_-_Mydo.cube -> 01_Kho_LUT_Chinh_Mau/Format_CUBE/Brand_0_portra_400_mydo.cube
RENAME: 01_Kho_LUT_Chinh_Mau/Format_CUBE/kodak_vison5213.cube -> 01_Kho_LUT_Chinh_Mau/Format_CUBE/Brand_0_vison5213.cube
RENAME: 01_Kho_LUT_Chinh_Mau/Format_CUBE/Kor_-_Mydo.cube -> 01_Kho_LUT_Chinh_Mau/Format_CUBE/Kor_mydo.cube
RENAME: 01_Kho_LUT_Chinh_Mau/Format_CUBE/light-lime.cube -> 01_Kho_LUT_Chinh_Mau/Format_CUBE/Sang_lime.cube
RENAME: 01_Kho_LUT_Chinh_Mau/Format_CUBE/light-warm.cube -> 01_Kho_LUT_Chinh_Mau/Format_CUBE/Sang_am.cube
RENAME: 01_Kho_LUT_Chinh_Mau/Format_CUBE/light.cube -> 01_Kho_LUT_Chinh_Mau/Format_CUBE/Sang.cube
RENAME: 01_Kho_LUT_Chinh_Mau/Format_CUBE/Light_V1_-_Mydo.cube -> 01_Kho_LUT_Chinh_Mau/Format_CUBE/Sang_v1_mydo.cube
RENAME: 01_Kho_LUT_Chinh_Mau/Format_CUBE/Light_V2_-_Mydo.cube -> 01_Kho_LUT_Chinh_Mau/Format_CUBE/Sang_v2_mydo.cube
RENAME: 01_Kho_LUT_Chinh_Mau/Format_CUBE/lime.cube -> 01_Kho_LUT_Chinh_Mau/Format_CUBE/Lime.cube
RENAME: 01_Kho_LUT_Chinh_Mau/Format_CUBE/log.cube -> 01_Kho_LUT_Chinh_Mau/Format_CUBE/Brand_8.cube
RENAME: 01_Kho_LUT_Chinh_Mau/Format_CUBE/log_1.cube -> 01_Kho_LUT_Chinh_Mau/Format_CUBE/Brand_8_1.cube
RENAME: 01_Kho_LUT_Chinh_Mau/Format_CUBE/log_2.cube -> 01_Kho_LUT_Chinh_Mau/Format_CUBE/Brand_8_2.cube
RENAME: 01_Kho_LUT_Chinh_Mau/Format_CUBE/log_3.cube -> 01_Kho_LUT_Chinh_Mau/Format_CUBE/Brand_8_3.cube
RENAME: 01_Kho_LUT_Chinh_Mau/Format_CUBE/log_4.cube -> 01_Kho_LUT_Chinh_Mau/Format_CUBE/Brand_8_4.cube
RENAME: 01_Kho_LUT_Chinh_Mau/Format_CUBE/log_5.cube -> 01_Kho_LUT_Chinh_Mau/Format_CUBE/Brand_8_5.cube
RENAME: 01_Kho_LUT_Chinh_Mau/Format_CUBE/log_6.cube -> 01_Kho_LUT_Chinh_Mau/Format_CUBE/Brand_8_6.cube
RENAME: 01_Kho_LUT_Chinh_Mau/Format_CUBE/Log_cac_dong_may_Doi_ten_tieng_Anh_Anime.cube -> 01_Kho_LUT_Chinh_Mau/Format_CUBE/Brand_8_cac_dong_may_doi_ten_tieng_anh_anime.cube
RENAME: 01_Kho_LUT_Chinh_Mau/Format_CUBE/Log_cac_dong_may_Doi_ten_tieng_Anh_cinematic.cube -> 01_Kho_LUT_Chinh_Mau/Format_CUBE/Brand_8_cac_dong_may_doi_ten_tieng_anh_dien_anh.cube
RENAME: 01_Kho_LUT_Chinh_Mau/Format_CUBE/Log_cac_dong_may_Doi_ten_tieng_Anh_Cuoi_cung_.cube -> 01_Kho_LUT_Chinh_Mau/Format_CUBE/Brand_8_cac_dong_may_doi_ten_tieng_anh_cuoi_cung.cube
RENAME: 01_Kho_LUT_Chinh_Mau/Format_CUBE/log_Canh_dem1.cube -> 01_Kho_LUT_Chinh_Mau/Format_CUBE/Brand_8_canh_dem1.cube
RENAME: 01_Kho_LUT_Chinh_Mau/Format_CUBE/log_Canh_dem2.cube -> 01_Kho_LUT_Chinh_Mau/Format_CUBE/Brand_8_canh_dem2.cube
RENAME: 01_Kho_LUT_Chinh_Mau/Format_CUBE/LUT_01_AlogIN.cube -> 01_Kho_LUT_Chinh_Mau/Format_CUBE/Lut_01_a_brand_8_in.cube
RENAME: 01_Kho_LUT_Chinh_Mau/Format_CUBE/LUT_02_AlogIN.cube -> 01_Kho_LUT_Chinh_Mau/Format_CUBE/Lut_02_a_brand_8_in.cube
RENAME: 01_Kho_LUT_Chinh_Mau/Format_CUBE/Lut_applelog_1.cube -> 01_Kho_LUT_Chinh_Mau/Format_CUBE/Lut_brand_4_brand_8_1.cube
RENAME: 01_Kho_LUT_Chinh_Mau/Format_CUBE/Lut_applelog_2.cube -> 01_Kho_LUT_Chinh_Mau/Format_CUBE/Lut_brand_4_brand_8_2.cube
RENAME: 01_Kho_LUT_Chinh_Mau/Format_CUBE/Lut_applelog_3.cube -> 01_Kho_LUT_Chinh_Mau/Format_CUBE/Lut_brand_4_brand_8_3.cube
RENAME: 01_Kho_LUT_Chinh_Mau/Format_CUBE/Memoir_-_Mydo.cube -> 01_Kho_LUT_Chinh_Mau/Format_CUBE/Memoir_mydo.cube
RENAME: 01_Kho_LUT_Chinh_Mau/Format_CUBE/Mi-Log-ACROS.cube -> 01_Kho_LUT_Chinh_Mau/Format_CUBE/Mi_brand_8_acros.cube
RENAME: 01_Kho_LUT_Chinh_Mau/Format_CUBE/Mi-Log-ASTIA.cube -> 01_Kho_LUT_Chinh_Mau/Format_CUBE/Mi_brand_8_astia.cube
RENAME: 01_Kho_LUT_Chinh_Mau/Format_CUBE/Mi-Log-CLASSIC-CHROME.cube -> 01_Kho_LUT_Chinh_Mau/Format_CUBE/Mi_brand_8_co_dien_chrome.cube
RENAME: 01_Kho_LUT_Chinh_Mau/Format_CUBE/Mi-Log-CLASSIC-Neg.cube -> 01_Kho_LUT_Chinh_Mau/Format_CUBE/Mi_brand_8_co_dien_neg.cube
RENAME: 01_Kho_LUT_Chinh_Mau/Format_CUBE/Mi-Log-ETERNA-BB.cube -> 01_Kho_LUT_Chinh_Mau/Format_CUBE/Mi_brand_8_eterna_bb.cube
RENAME: 01_Kho_LUT_Chinh_Mau/Format_CUBE/Mi-Log-ETERNA.cube -> 01_Kho_LUT_Chinh_Mau/Format_CUBE/Mi_brand_8_eterna.cube
RENAME: 01_Kho_LUT_Chinh_Mau/Format_CUBE/Mi-Log-PRO-Neg.cube -> 01_Kho_LUT_Chinh_Mau/Format_CUBE/Mi_brand_8_pro_neg.cube
RENAME: 01_Kho_LUT_Chinh_Mau/Format_CUBE/Mi-Log-PROVIA.cube -> 01_Kho_LUT_Chinh_Mau/Format_CUBE/Mi_brand_8_provia.cube
RENAME: 01_Kho_LUT_Chinh_Mau/Format_CUBE/Mi-Log-REALA-ACE.cube -> 01_Kho_LUT_Chinh_Mau/Format_CUBE/Mi_brand_8_reala_ace.cube
RENAME: 01_Kho_LUT_Chinh_Mau/Format_CUBE/Mi-Log-Velvia.cube -> 01_Kho_LUT_Chinh_Mau/Format_CUBE/Mi_brand_8_velvia.cube
RENAME: 01_Kho_LUT_Chinh_Mau/Format_CUBE/Moch_V1_-_Mydo.cube -> 01_Kho_LUT_Chinh_Mau/Format_CUBE/Moch_v1_mydo.cube
RENAME: 01_Kho_LUT_Chinh_Mau/Format_CUBE/Monochrome.cube -> 01_Kho_LUT_Chinh_Mau/Format_CUBE/Monochrome.cube
RENAME: 01_Kho_LUT_Chinh_Mau/Format_CUBE/Moodyblue_V1_-_Mydo.cube -> 01_Kho_LUT_Chinh_Mau/Format_CUBE/Moodyblue_v1_mydo.cube
RENAME: 01_Kho_LUT_Chinh_Mau/Format_CUBE/Moodybrown_V1_-_Mydo.cube -> 01_Kho_LUT_Chinh_Mau/Format_CUBE/Moodybrown_v1_mydo.cube
RENAME: 01_Kho_LUT_Chinh_Mau/Format_CUBE/Mooody_-_Mydo.cube -> 01_Kho_LUT_Chinh_Mau/Format_CUBE/Mooody_mydo.cube
RENAME: 01_Kho_LUT_Chinh_Mau/Format_CUBE/Nature.cube -> 01_Kho_LUT_Chinh_Mau/Format_CUBE/Tu_nhien.cube
RENAME: 01_Kho_LUT_Chinh_Mau/Format_CUBE/NCPhim_Dien_anh_-_Mydo.cube -> 01_Kho_LUT_Chinh_Mau/Format_CUBE/Ncphim_dien_anh_mydo.cube
RENAME: 01_Kho_LUT_Chinh_Mau/Format_CUBE/Nostalgic.cube -> 01_Kho_LUT_Chinh_Mau/Format_CUBE/Nostalgic.cube
RENAME: 01_Kho_LUT_Chinh_Mau/Format_CUBE/O-Log-ACROS.cube -> 01_Kho_LUT_Chinh_Mau/Format_CUBE/O_brand_8_acros.cube
RENAME: 01_Kho_LUT_Chinh_Mau/Format_CUBE/O-Log-ASTIA.cube -> 01_Kho_LUT_Chinh_Mau/Format_CUBE/O_brand_8_astia.cube
RENAME: 01_Kho_LUT_Chinh_Mau/Format_CUBE/O-Log-CLASSIC-CHROME.cube -> 01_Kho_LUT_Chinh_Mau/Format_CUBE/O_brand_8_co_dien_chrome.cube
RENAME: 01_Kho_LUT_Chinh_Mau/Format_CUBE/O-Log-CLASSIC-Neg.cube -> 01_Kho_LUT_Chinh_Mau/Format_CUBE/O_brand_8_co_dien_neg.cube
RENAME: 01_Kho_LUT_Chinh_Mau/Format_CUBE/O-Log-ETERNA-BB.cube -> 01_Kho_LUT_Chinh_Mau/Format_CUBE/O_brand_8_eterna_bb.cube
RENAME: 01_Kho_LUT_Chinh_Mau/Format_CUBE/O-Log-ETERNA.cube -> 01_Kho_LUT_Chinh_Mau/Format_CUBE/O_brand_8_eterna.cube
RENAME: 01_Kho_LUT_Chinh_Mau/Format_CUBE/O-Log-PRO-Neg.cube -> 01_Kho_LUT_Chinh_Mau/Format_CUBE/O_brand_8_pro_neg.cube
RENAME: 01_Kho_LUT_Chinh_Mau/Format_CUBE/O-Log-PROVIA.cube -> 01_Kho_LUT_Chinh_Mau/Format_CUBE/O_brand_8_provia.cube
RENAME: 01_Kho_LUT_Chinh_Mau/Format_CUBE/O-Log-REALA-ACE.cube -> 01_Kho_LUT_Chinh_Mau/Format_CUBE/O_brand_8_reala_ace.cube
RENAME: 01_Kho_LUT_Chinh_Mau/Format_CUBE/O-Log-Velvia.cube -> 01_Kho_LUT_Chinh_Mau/Format_CUBE/O_brand_8_velvia.cube
RENAME: 01_Kho_LUT_Chinh_Mau/Format_CUBE/Paloma.cube -> 01_Kho_LUT_Chinh_Mau/Format_CUBE/Paloma.cube
RENAME: 01_Kho_LUT_Chinh_Mau/Format_CUBE/Phim_Dien_anh.cube -> 01_Kho_LUT_Chinh_Mau/Format_CUBE/Phim_dien_anh.cube
RENAME: 01_Kho_LUT_Chinh_Mau/Format_CUBE/Phim_Dien_anhdeep_cine_-_Mydo.cube -> 01_Kho_LUT_Chinh_Mau/Format_CUBE/Phim_dien_anhdeep_cine_mydo.cube
RENAME: 01_Kho_LUT_Chinh_Mau/Format_CUBE/Phim_Dien_anhJOKER_-_Mydo.cube -> 01_Kho_LUT_Chinh_Mau/Format_CUBE/Phim_dien_anhjoker_mydo.cube
RENAME: 01_Kho_LUT_Chinh_Mau/Format_CUBE/Phim_Dien_anhstnd_cine_-_Mydo.cube -> 01_Kho_LUT_Chinh_Mau/Format_CUBE/Phim_dien_anhstnd_cine_mydo.cube
RENAME: 01_Kho_LUT_Chinh_Mau/Format_CUBE/Phim_Dien_anh_Duotone_-_Mydo.cube -> 01_Kho_LUT_Chinh_Mau/Format_CUBE/Phim_dien_anh_duotone_mydo.cube
RENAME: 01_Kho_LUT_Chinh_Mau/Format_CUBE/Phim_Dien_anh_Film_-_Mydo.cube -> 01_Kho_LUT_Chinh_Mau/Format_CUBE/Phim_dien_anh_phim_mydo.cube
RENAME: 01_Kho_LUT_Chinh_Mau/Format_CUBE/Phim_Dien_anh_Film_-_Mydo_1.cube -> 01_Kho_LUT_Chinh_Mau/Format_CUBE/Phim_dien_anh_phim_mydo_1.cube
RENAME: 01_Kho_LUT_Chinh_Mau/Format_CUBE/Phim_Dien_anh_Hnnbl_-_Mydo.cube -> 01_Kho_LUT_Chinh_Mau/Format_CUBE/Phim_dien_anh_hnnbl_mydo.cube
RENAME: 01_Kho_LUT_Chinh_Mau/Format_CUBE/Phim_Dien_anh_log.cube -> 01_Kho_LUT_Chinh_Mau/Format_CUBE/Phim_dien_anh_brand_8.cube
RENAME: 01_Kho_LUT_Chinh_Mau/Format_CUBE/Phim_Dien_anh_Phim_Dien_anh.cube -> 01_Kho_LUT_Chinh_Mau/Format_CUBE/Phim_dien_anh_phim_dien_anh.cube
RENAME: 01_Kho_LUT_Chinh_Mau/Format_CUBE/Phim_Dien_anh_wonder_-_Mydo.cube -> 01_Kho_LUT_Chinh_Mau/Format_CUBE/Phim_dien_anh_wonder_mydo.cube
RENAME: 01_Kho_LUT_Chinh_Mau/Format_CUBE/Phong_cach_Hong_KongHongKong_V1_-_Mydo.cube -> 01_Kho_LUT_Chinh_Mau/Format_CUBE/Phong_cach_hong_konghongkong_v1_mydo.cube
RENAME: 01_Kho_LUT_Chinh_Mau/Format_CUBE/Phong_cach_Hong_KongHongKong_V2_-_Mydo.cube -> 01_Kho_LUT_Chinh_Mau/Format_CUBE/Phong_cach_hong_konghongkong_v2_mydo.cube
RENAME: 01_Kho_LUT_Chinh_Mau/Format_CUBE/Phong_cach_Hong_KongHongKong_V3_-_Mydo.cube -> 01_Kho_LUT_Chinh_Mau/Format_CUBE/Phong_cach_hong_konghongkong_v3_mydo.cube
RENAME: 01_Kho_LUT_Chinh_Mau/Format_CUBE/Phong_cach_Hong_KongHongKong_V4_-_Mydo.cube -> 01_Kho_LUT_Chinh_Mau/Format_CUBE/Phong_cach_hong_konghongkong_v4_mydo.cube
RENAME: 01_Kho_LUT_Chinh_Mau/Format_CUBE/Phong_cach_Hong_KongHongKong_V5_-_Mydo.cube -> 01_Kho_LUT_Chinh_Mau/Format_CUBE/Phong_cach_hong_konghongkong_v5_mydo.cube
RENAME: 01_Kho_LUT_Chinh_Mau/Format_CUBE/Phong_cach_Nhat_BanAnimenime_-_Mydo.cube -> 01_Kho_LUT_Chinh_Mau/Format_CUBE/Phong_cach_nhat_bananimenime_mydo.cube
RENAME: 01_Kho_LUT_Chinh_Mau/Format_CUBE/Phong_cach_Nhat_BanChup_anh_duong_phojpn_V1_-_Mydo.cube -> 01_Kho_LUT_Chinh_Mau/Format_CUBE/Phong_cach_nhat_banchup_anh_duong_phojpn_v1_mydo.cube
RENAME: 01_Kho_LUT_Chinh_Mau/Format_CUBE/Phong_cach_Nhat_BanChup_anh_duong_phojpn_V2_-_Mydo.cube -> 01_Kho_LUT_Chinh_Mau/Format_CUBE/Phong_cach_nhat_banchup_anh_duong_phojpn_v2_mydo.cube
RENAME: 01_Kho_LUT_Chinh_Mau/Format_CUBE/Phong_cach_Nhat_Ban_.cube -> 01_Kho_LUT_Chinh_Mau/Format_CUBE/Phong_cach_nhat_ban.cube
RENAME: 01_Kho_LUT_Chinh_Mau/Format_CUBE/Phong_cach_Nhat_Ban_jpn_Portit_V1_-_Mydo.cube -> 01_Kho_LUT_Chinh_Mau/Format_CUBE/Phong_cach_nhat_ban_jpn_portit_v1_mydo.cube
RENAME: 01_Kho_LUT_Chinh_Mau/Format_CUBE/Phong_cach_Nhat_Ban_Phong_cach_Nhat_Ban_.cube -> 01_Kho_LUT_Chinh_Mau/Format_CUBE/Phong_cach_nhat_ban_phong_cach_nhat_ban.cube
RENAME: 01_Kho_LUT_Chinh_Mau/Format_CUBE/Phong_cach_Nhat_Ban_tokyo_V1_-_Mydo.cube -> 01_Kho_LUT_Chinh_Mau/Format_CUBE/Phong_cach_nhat_ban_tokyo_v1_mydo.cube
RENAME: 01_Kho_LUT_Chinh_Mau/Format_CUBE/Phong_cach_Nhat_Ban_tokyo_V2_-_Mydo.cube -> 01_Kho_LUT_Chinh_Mau/Format_CUBE/Phong_cach_nhat_ban_tokyo_v2_mydo.cube
RENAME: 01_Kho_LUT_Chinh_Mau/Format_CUBE/Phong_cach_Nhat_Ban_yellowblue_-_Mydo.cube -> 01_Kho_LUT_Chinh_Mau/Format_CUBE/Phong_cach_nhat_ban_yellowblue_mydo.cube
RENAME: 01_Kho_LUT_Chinh_Mau/Format_CUBE/Phong_canh.cube -> 01_Kho_LUT_Chinh_Mau/Format_CUBE/Phong_canh.cube
RENAME: 01_Kho_LUT_Chinh_Mau/Format_CUBE/Phong_canhLandscape_V1_-_Mydo.cube -> 01_Kho_LUT_Chinh_Mau/Format_CUBE/Phong_canhlandscape_v1_mydo.cube
RENAME: 01_Kho_LUT_Chinh_Mau/Format_CUBE/Phong_canhLandscape_V2-_Mydo.cube -> 01_Kho_LUT_Chinh_Mau/Format_CUBE/Phong_canhlandscape_v2_mydo.cube
RENAME: 01_Kho_LUT_Chinh_Mau/Format_CUBE/Phong_canhLandscape_V3-_Mydo.cube -> 01_Kho_LUT_Chinh_Mau/Format_CUBE/Phong_canhlandscape_v3_mydo.cube
RENAME: 01_Kho_LUT_Chinh_Mau/Format_CUBE/Phong_canhLandscape_V4_-_Mydo.cube -> 01_Kho_LUT_Chinh_Mau/Format_CUBE/Phong_canhlandscape_v4_mydo.cube
RENAME: 01_Kho_LUT_Chinh_Mau/Format_CUBE/Phong_canhLandscape_V5-_Mydo.cube -> 01_Kho_LUT_Chinh_Mau/Format_CUBE/Phong_canhlandscape_v5_mydo.cube
RENAME: 01_Kho_LUT_Chinh_Mau/Format_CUBE/Phong_canhLandscape_V6-_Mydo.cube -> 01_Kho_LUT_Chinh_Mau/Format_CUBE/Phong_canhlandscape_v6_mydo.cube
RENAME: 01_Kho_LUT_Chinh_Mau/Format_CUBE/Phong_canh_log.cube -> 01_Kho_LUT_Chinh_Mau/Format_CUBE/Phong_canh_brand_8.cube
RENAME: 01_Kho_LUT_Chinh_Mau/Format_CUBE/PROVIA.cube -> 01_Kho_LUT_Chinh_Mau/Format_CUBE/Provia.cube
RENAME: 01_Kho_LUT_Chinh_Mau/Format_CUBE/PRO_Neg.cube -> 01_Kho_LUT_Chinh_Mau/Format_CUBE/Pro_neg.cube
RENAME: 01_Kho_LUT_Chinh_Mau/Format_CUBE/REALA-ACE.cube -> 01_Kho_LUT_Chinh_Mau/Format_CUBE/Reala_ace.cube
RENAME: 01_Kho_LUT_Chinh_Mau/Format_CUBE/Rec_709_Neutral.cube -> 01_Kho_LUT_Chinh_Mau/Format_CUBE/Rec_709_trung_tinh.cube
RENAME: 01_Kho_LUT_Chinh_Mau/Format_CUBE/Retro_Vintage.cube -> 01_Kho_LUT_Chinh_Mau/Format_CUBE/Hoai_co_hoai_co.cube
RENAME: 01_Kho_LUT_Chinh_Mau/Format_CUBE/Retro_VintageCo_trangretro_ncient_V2_-_Mydo.cube -> 01_Kho_LUT_Chinh_Mau/Format_CUBE/Hoai_co_vintageco_trangretro_ncient_v2_mydo.cube
RENAME: 01_Kho_LUT_Chinh_Mau/Format_CUBE/Retro_VintageRetro_V1_-_Mydo.cube -> 01_Kho_LUT_Chinh_Mau/Format_CUBE/Hoai_co_vintageretro_v1_mydo.cube
RENAME: 01_Kho_LUT_Chinh_Mau/Format_CUBE/Retro_VintageRetro_V2_-_Mydo.cube -> 01_Kho_LUT_Chinh_Mau/Format_CUBE/Hoai_co_vintageretro_v2_mydo.cube
RENAME: 01_Kho_LUT_Chinh_Mau/Format_CUBE/Retro_Vintage_1_Retro_Vintage_.cube -> 01_Kho_LUT_Chinh_Mau/Format_CUBE/Hoai_co_hoai_co_1_hoai_co_hoai_co.cube
RENAME: 01_Kho_LUT_Chinh_Mau/Format_CUBE/Retro_Vintage_Fshion_-_Mydo.cube -> 01_Kho_LUT_Chinh_Mau/Format_CUBE/Hoai_co_hoai_co_fshion_mydo.cube
RENAME: 01_Kho_LUT_Chinh_Mau/Format_CUBE/Retro_Vintage_log.cube -> 01_Kho_LUT_Chinh_Mau/Format_CUBE/Hoai_co_hoai_co_brand_8.cube
RENAME: 01_Kho_LUT_Chinh_Mau/Format_CUBE/Retro_Vintage_VintageSummer-std.cube -> 01_Kho_LUT_Chinh_Mau/Format_CUBE/Hoai_co_hoai_co_vintagesummer_chuan.cube
RENAME: 01_Kho_LUT_Chinh_Mau/Format_CUBE/Retro_Vintage_VINTAGE_VIBES.cube -> 01_Kho_LUT_Chinh_Mau/Format_CUBE/Hoai_co_hoai_co_hoai_co_vibes.cube
RENAME: 01_Kho_LUT_Chinh_Mau/Format_CUBE/Rift.cube -> 01_Kho_LUT_Chinh_Mau/Format_CUBE/Rift.cube
RENAME: 01_Kho_LUT_Chinh_Mau/Format_CUBE/Sach_Clean.cube -> 01_Kho_LUT_Chinh_Mau/Format_CUBE/Sach_trong_treo.cube
RENAME: 01_Kho_LUT_Chinh_Mau/Format_CUBE/Samsung-Log-ACROS.cube -> 01_Kho_LUT_Chinh_Mau/Format_CUBE/Samsung_brand_8_acros.cube
RENAME: 01_Kho_LUT_Chinh_Mau/Format_CUBE/Samsung-Log-ASTIA.cube -> 01_Kho_LUT_Chinh_Mau/Format_CUBE/Samsung_brand_8_astia.cube
RENAME: 01_Kho_LUT_Chinh_Mau/Format_CUBE/Samsung-Log-CLASSIC-CHROME.cube -> 01_Kho_LUT_Chinh_Mau/Format_CUBE/Samsung_brand_8_co_dien_chrome.cube
RENAME: 01_Kho_LUT_Chinh_Mau/Format_CUBE/Samsung-Log-CLASSIC-Neg.cube -> 01_Kho_LUT_Chinh_Mau/Format_CUBE/Samsung_brand_8_co_dien_neg.cube
RENAME: 01_Kho_LUT_Chinh_Mau/Format_CUBE/Samsung-Log-ETERNA-BB.cube -> 01_Kho_LUT_Chinh_Mau/Format_CUBE/Samsung_brand_8_eterna_bb.cube
RENAME: 01_Kho_LUT_Chinh_Mau/Format_CUBE/Samsung-Log-ETERNA.cube -> 01_Kho_LUT_Chinh_Mau/Format_CUBE/Samsung_brand_8_eterna.cube
RENAME: 01_Kho_LUT_Chinh_Mau/Format_CUBE/Samsung-Log-PRO-Neg.cube -> 01_Kho_LUT_Chinh_Mau/Format_CUBE/Samsung_brand_8_pro_neg.cube
RENAME: 01_Kho_LUT_Chinh_Mau/Format_CUBE/Samsung-Log-PROVIA.cube -> 01_Kho_LUT_Chinh_Mau/Format_CUBE/Samsung_brand_8_provia.cube
RENAME: 01_Kho_LUT_Chinh_Mau/Format_CUBE/Samsung-Log-REALA-ACE.cube -> 01_Kho_LUT_Chinh_Mau/Format_CUBE/Samsung_brand_8_reala_ace.cube
RENAME: 01_Kho_LUT_Chinh_Mau/Format_CUBE/Samsung-Log-Velvia.cube -> 01_Kho_LUT_Chinh_Mau/Format_CUBE/Samsung_brand_8_velvia.cube
RENAME: 01_Kho_LUT_Chinh_Mau/Format_CUBE/SenGreen_Booz.cube -> 01_Kho_LUT_Chinh_Mau/Format_CUBE/Sengreen_booz.cube
RENAME: 01_Kho_LUT_Chinh_Mau/Format_CUBE/Skin_tone_Tong_mau_da.cube -> 01_Kho_LUT_Chinh_Mau/Format_CUBE/Skin_tone_tong_mau_da.cube
RENAME: 01_Kho_LUT_Chinh_Mau/Format_CUBE/Skin_tone_Tong_mau_daportit_tone_V1_-_Mydo.cube -> 01_Kho_LUT_Chinh_Mau/Format_CUBE/Skin_tone_tong_mau_daportit_tone_v1_mydo.cube
RENAME: 01_Kho_LUT_Chinh_Mau/Format_CUBE/Skin_tone_Tong_mau_daportit_tone_V2_-_Mydo.cube -> 01_Kho_LUT_Chinh_Mau/Format_CUBE/Skin_tone_tong_mau_daportit_tone_v2_mydo.cube
RENAME: 01_Kho_LUT_Chinh_Mau/Format_CUBE/Skin_tone_Tong_mau_daportit_tone_V3_-_Mydo.cube -> 01_Kho_LUT_Chinh_Mau/Format_CUBE/Skin_tone_tong_mau_daportit_tone_v3_mydo.cube
RENAME: 01_Kho_LUT_Chinh_Mau/Format_CUBE/Skin_tone_Tong_mau_da_709.cube -> 01_Kho_LUT_Chinh_Mau/Format_CUBE/Skin_tone_tong_mau_da_709.cube
RENAME: 01_Kho_LUT_Chinh_Mau/Format_CUBE/sonyslog3_19.C0006.cube -> 01_Kho_LUT_Chinh_Mau/Format_CUBE/Brand_1_s_brand_8_3_19.c0006.cube
RENAME: 01_Kho_LUT_Chinh_Mau/Format_CUBE/Standard-ACROS.cube -> 01_Kho_LUT_Chinh_Mau/Format_CUBE/Chuan_acros.cube
RENAME: 01_Kho_LUT_Chinh_Mau/Format_CUBE/Standard-ASTIA.cube -> 01_Kho_LUT_Chinh_Mau/Format_CUBE/Chuan_astia.cube
RENAME: 01_Kho_LUT_Chinh_Mau/Format_CUBE/Standard-CLASSIC-CHROME.cube -> 01_Kho_LUT_Chinh_Mau/Format_CUBE/Chuan_co_dien_chrome.cube
RENAME: 01_Kho_LUT_Chinh_Mau/Format_CUBE/Standard-CLASSIC-Neg.cube -> 01_Kho_LUT_Chinh_Mau/Format_CUBE/Chuan_co_dien_neg.cube
RENAME: 01_Kho_LUT_Chinh_Mau/Format_CUBE/Standard-ETERNA-BB.cube -> 01_Kho_LUT_Chinh_Mau/Format_CUBE/Chuan_eterna_bb.cube
RENAME: 01_Kho_LUT_Chinh_Mau/Format_CUBE/Standard-ETERNA.cube -> 01_Kho_LUT_Chinh_Mau/Format_CUBE/Chuan_eterna.cube
RENAME: 01_Kho_LUT_Chinh_Mau/Format_CUBE/Standard-PRO-Neg.cube -> 01_Kho_LUT_Chinh_Mau/Format_CUBE/Chuan_pro_neg.cube
RENAME: 01_Kho_LUT_Chinh_Mau/Format_CUBE/Standard-PROVIA.cube -> 01_Kho_LUT_Chinh_Mau/Format_CUBE/Chuan_provia.cube
RENAME: 01_Kho_LUT_Chinh_Mau/Format_CUBE/Standard-REALA-ACE.cube -> 01_Kho_LUT_Chinh_Mau/Format_CUBE/Chuan_reala_ace.cube
RENAME: 01_Kho_LUT_Chinh_Mau/Format_CUBE/Standard-Velvia.cube -> 01_Kho_LUT_Chinh_Mau/Format_CUBE/Chuan_velvia.cube
RENAME: 01_Kho_LUT_Chinh_Mau/Format_CUBE/Su_dung_dinh_dang_Log_CLEAN.cube -> 01_Kho_LUT_Chinh_Mau/Format_CUBE/Su_dung_dinh_dang_brand_8_trong_treo.cube
RENAME: 01_Kho_LUT_Chinh_Mau/Format_CUBE/Su_dung_dinh_dang_Log_coolstyle.cube -> 01_Kho_LUT_Chinh_Mau/Format_CUBE/Su_dung_dinh_dang_brand_8_coolstyle.cube
RENAME: 01_Kho_LUT_Chinh_Mau/Format_CUBE/Su_dung_dinh_dang_Log_gentle.cube -> 01_Kho_LUT_Chinh_Mau/Format_CUBE/Su_dung_dinh_dang_brand_8_gentle.cube
RENAME: 01_Kho_LUT_Chinh_Mau/Format_CUBE/Su_dung_dinh_dang_Log_kodak2393.cube -> 01_Kho_LUT_Chinh_Mau/Format_CUBE/Su_dung_dinh_dang_brand_8_brand_0_2393.cube
RENAME: 01_Kho_LUT_Chinh_Mau/Format_CUBE/Su_dung_dinh_dang_Log_light-lime.cube -> 01_Kho_LUT_Chinh_Mau/Format_CUBE/Su_dung_dinh_dang_brand_8_sang_lime.cube
RENAME: 01_Kho_LUT_Chinh_Mau/Format_CUBE/Su_dung_dinh_dang_Log_vintage-O.cube -> 01_Kho_LUT_Chinh_Mau/Format_CUBE/Su_dung_dinh_dang_brand_8_hoai_co_o.cube
RENAME: 01_Kho_LUT_Chinh_Mau/Format_CUBE/Su_dung_Vintage_709_mau_chuan_coolstyle.cube -> 01_Kho_LUT_Chinh_Mau/Format_CUBE/Su_dung_hoai_co_709_mau_chuan_coolstyle.cube
RENAME: 01_Kho_LUT_Chinh_Mau/Format_CUBE/Su_dung_Vintage_709_mau_chuan_coolstyle_1.cube -> 01_Kho_LUT_Chinh_Mau/Format_CUBE/Su_dung_hoai_co_709_mau_chuan_coolstyle_1.cube
RENAME: 01_Kho_LUT_Chinh_Mau/Format_CUBE/Su_dung_Vintage_709_mau_chuan_gentle.cube -> 01_Kho_LUT_Chinh_Mau/Format_CUBE/Su_dung_hoai_co_709_mau_chuan_gentle.cube
RENAME: 01_Kho_LUT_Chinh_Mau/Format_CUBE/Su_dung_Vintage_709_mau_chuan_gentle_1.cube -> 01_Kho_LUT_Chinh_Mau/Format_CUBE/Su_dung_hoai_co_709_mau_chuan_gentle_1.cube
RENAME: 01_Kho_LUT_Chinh_Mau/Format_CUBE/Su_dung_Vintage_709_mau_chuan_kodak2393.cube -> 01_Kho_LUT_Chinh_Mau/Format_CUBE/Su_dung_hoai_co_709_mau_chuan_brand_0_2393.cube
RENAME: 01_Kho_LUT_Chinh_Mau/Format_CUBE/Su_dung_Vintage_709_mau_chuan_kodak2393_1.cube -> 01_Kho_LUT_Chinh_Mau/Format_CUBE/Su_dung_hoai_co_709_mau_chuan_brand_0_2393_1.cube
RENAME: 01_Kho_LUT_Chinh_Mau/Format_CUBE/Su_dung_Vintage_709_mau_chuan_light-lime.cube -> 01_Kho_LUT_Chinh_Mau/Format_CUBE/Su_dung_hoai_co_709_mau_chuan_sang_lime.cube
RENAME: 01_Kho_LUT_Chinh_Mau/Format_CUBE/Su_dung_Vintage_709_mau_chuan_light-lime_1.cube -> 01_Kho_LUT_Chinh_Mau/Format_CUBE/Su_dung_hoai_co_709_mau_chuan_sang_lime_1.cube
RENAME: 01_Kho_LUT_Chinh_Mau/Format_CUBE/Su_dung_Vintage_709_mau_chuan_Sach_Clean.cube -> 01_Kho_LUT_Chinh_Mau/Format_CUBE/Su_dung_hoai_co_709_mau_chuan_sach_trong_treo.cube
RENAME: 01_Kho_LUT_Chinh_Mau/Format_CUBE/Su_dung_Vintage_709_mau_chuan_vintage-O.cube -> 01_Kho_LUT_Chinh_Mau/Format_CUBE/Su_dung_hoai_co_709_mau_chuan_hoai_co_o.cube
RENAME: 01_Kho_LUT_Chinh_Mau/Format_CUBE/Su_dung_Vintage_709_mau_chuan_vintage-O_1.cube -> 01_Kho_LUT_Chinh_Mau/Format_CUBE/Su_dung_hoai_co_709_mau_chuan_hoai_co_o_1.cube
RENAME: 01_Kho_LUT_Chinh_Mau/Format_CUBE/T&O(_Canh_dem_).cube -> 01_Kho_LUT_Chinh_Mau/Format_CUBE/T_o_canh_dem.cube
RENAME: 01_Kho_LUT_Chinh_Mau/Format_CUBE/T&O.cube -> 01_Kho_LUT_Chinh_Mau/Format_CUBE/T_o.cube
RENAME: 01_Kho_LUT_Chinh_Mau/Format_CUBE/Teal_and_OrangeOnly_OT_-_Mydo.cube -> 01_Kho_LUT_Chinh_Mau/Format_CUBE/Teal_and_orangeonly_ot_mydo.cube
RENAME: 01_Kho_LUT_Chinh_Mau/Format_CUBE/Teal_and_OrangeOrngeTel_V1_-_Mydo.cube -> 01_Kho_LUT_Chinh_Mau/Format_CUBE/Teal_and_orangeorngetel_v1_mydo.cube
RENAME: 01_Kho_LUT_Chinh_Mau/Format_CUBE/Teal_and_OrangeOrngeTel_V2_-_Mydo.cube -> 01_Kho_LUT_Chinh_Mau/Format_CUBE/Teal_and_orangeorngetel_v2_mydo.cube
RENAME: 01_Kho_LUT_Chinh_Mau/Format_CUBE/Teal_and_OrangeOrngeTel_V3_-_Mydo.cube -> 01_Kho_LUT_Chinh_Mau/Format_CUBE/Teal_and_orangeorngetel_v3_mydo.cube
RENAME: 01_Kho_LUT_Chinh_Mau/Format_CUBE/Teal_and_OrangeOrngeTel_V4_-_Mydo.cube -> 01_Kho_LUT_Chinh_Mau/Format_CUBE/Teal_and_orangeorngetel_v4_mydo.cube
RENAME: 01_Kho_LUT_Chinh_Mau/Format_CUBE/Teal_and_Orange_cold.cube -> 01_Kho_LUT_Chinh_Mau/Format_CUBE/Xanh_va_cam_lanh.cube
RENAME: 01_Kho_LUT_Chinh_Mau/Format_CUBE/Teal_and_Orange_warm.cube -> 01_Kho_LUT_Chinh_Mau/Format_CUBE/Xanh_va_cam_am.cube
RENAME: 01_Kho_LUT_Chinh_Mau/Format_CUBE/Tong_mau_Xanh_Retro.cube -> 01_Kho_LUT_Chinh_Mau/Format_CUBE/Tong_mau_xanh_hoai_co.cube
RENAME: 01_Kho_LUT_Chinh_Mau/Format_CUBE/Travel_Du_lichTrvel_V1_-_Mydo.cube -> 01_Kho_LUT_Chinh_Mau/Format_CUBE/Travel_du_lichtrvel_v1_mydo.cube
RENAME: 01_Kho_LUT_Chinh_Mau/Format_CUBE/Travel_Du_lichTrvel_V2_-_Mydo.cube -> 01_Kho_LUT_Chinh_Mau/Format_CUBE/Travel_du_lichtrvel_v2_mydo.cube
RENAME: 01_Kho_LUT_Chinh_Mau/Format_CUBE/triler_V1_-_Mydo.cube -> 01_Kho_LUT_Chinh_Mau/Format_CUBE/Triler_v1_mydo.cube
RENAME: 01_Kho_LUT_Chinh_Mau/Format_CUBE/triler_V2_-_Mydo.cube -> 01_Kho_LUT_Chinh_Mau/Format_CUBE/Triler_v2_mydo.cube
RENAME: 01_Kho_LUT_Chinh_Mau/Format_CUBE/va_khac_log_FILM-3513.cube -> 01_Kho_LUT_Chinh_Mau/Format_CUBE/Va_khac_brand_8_phim_3513.cube
RENAME: 01_Kho_LUT_Chinh_Mau/Format_CUBE/va_khac_log_FILM-CN-LOOK.cube -> 01_Kho_LUT_Chinh_Mau/Format_CUBE/Va_khac_brand_8_phim_cn_look.cube
RENAME: 01_Kho_LUT_Chinh_Mau/Format_CUBE/va_khac_log_FILM-LIGHT-WARM.cube -> 01_Kho_LUT_Chinh_Mau/Format_CUBE/Va_khac_brand_8_phim_sang_am.cube
RENAME: 01_Kho_LUT_Chinh_Mau/Format_CUBE/va_khac_log_FILM-LIGHT.cube -> 01_Kho_LUT_Chinh_Mau/Format_CUBE/Va_khac_brand_8_phim_sang.cube
RENAME: 01_Kho_LUT_Chinh_Mau/Format_CUBE/va_khac_log_FILM-LIME.cube -> 01_Kho_LUT_Chinh_Mau/Format_CUBE/Va_khac_brand_8_phim_lime.cube
RENAME: 01_Kho_LUT_Chinh_Mau/Format_CUBE/va_khac_log_Fuji3513-COLD.cube -> 01_Kho_LUT_Chinh_Mau/Format_CUBE/Va_khac_brand_8_brand_3_3513_lanh.cube
RENAME: 01_Kho_LUT_Chinh_Mau/Format_CUBE/va_khac_log_kodak_vison5213.cube -> 01_Kho_LUT_Chinh_Mau/Format_CUBE/Va_khac_brand_8_brand_0_vison5213.cube
RENAME: 01_Kho_LUT_Chinh_Mau/Format_CUBE/va_khac_log_Phim_Dien_anh_CINE-LITE.cube -> 01_Kho_LUT_Chinh_Mau/Format_CUBE/Va_khac_brand_8_phim_dien_anh_cine_lite.cube
RENAME: 01_Kho_LUT_Chinh_Mau/Format_CUBE/va_khac_log_Phim_Dien_anh_CINE-LITE_1.cube -> 01_Kho_LUT_Chinh_Mau/Format_CUBE/Va_khac_brand_8_phim_dien_anh_cine_lite_1.cube
RENAME: 01_Kho_LUT_Chinh_Mau/Format_CUBE/va_khac_log_Phim_Dien_anh_CINE2.cube -> 01_Kho_LUT_Chinh_Mau/Format_CUBE/Va_khac_brand_8_phim_dien_anh_dien_anh_v2.cube
RENAME: 01_Kho_LUT_Chinh_Mau/Format_CUBE/va_khac_log_Phim_Dien_anh_CINE2_1.cube -> 01_Kho_LUT_Chinh_Mau/Format_CUBE/Va_khac_brand_8_phim_dien_anh_dien_anh_v2_1.cube
RENAME: 01_Kho_LUT_Chinh_Mau/Format_CUBE/va_khac_log_Phim_Dien_anh_cold.cube -> 01_Kho_LUT_Chinh_Mau/Format_CUBE/Va_khac_brand_8_phim_dien_anh_lanh.cube
RENAME: 01_Kho_LUT_Chinh_Mau/Format_CUBE/va_khac_log_Phim_Dien_anh_cold_1.cube -> 01_Kho_LUT_Chinh_Mau/Format_CUBE/Va_khac_brand_8_phim_dien_anh_lanh_1.cube
RENAME: 01_Kho_LUT_Chinh_Mau/Format_CUBE/va_khac_log_Phim_Dien_anh_FILM.cube -> 01_Kho_LUT_Chinh_Mau/Format_CUBE/Va_khac_brand_8_phim_dien_anh_phim.cube
RENAME: 01_Kho_LUT_Chinh_Mau/Format_CUBE/va_khac_log_Phim_Dien_anh_FILM_1.cube -> 01_Kho_LUT_Chinh_Mau/Format_CUBE/Va_khac_brand_8_phim_dien_anh_phim_1.cube
RENAME: 01_Kho_LUT_Chinh_Mau/Format_CUBE/va_khac_log_Phim_Dien_anh_GREEN.cube -> 01_Kho_LUT_Chinh_Mau/Format_CUBE/Va_khac_brand_8_phim_dien_anh_xanh_la.cube
RENAME: 01_Kho_LUT_Chinh_Mau/Format_CUBE/va_khac_log_Phim_Dien_anh_GREEN_1.cube -> 01_Kho_LUT_Chinh_Mau/Format_CUBE/Va_khac_brand_8_phim_dien_anh_xanh_la_1.cube
RENAME: 01_Kho_LUT_Chinh_Mau/Format_CUBE/va_khac_log_Phim_Dien_anh_T&O.cube -> 01_Kho_LUT_Chinh_Mau/Format_CUBE/Va_khac_brand_8_phim_dien_anh_t_o.cube
RENAME: 01_Kho_LUT_Chinh_Mau/Format_CUBE/va_khac_log_Phim_Dien_anh_T&O_1.cube -> 01_Kho_LUT_Chinh_Mau/Format_CUBE/Va_khac_brand_8_phim_dien_anh_t_o_1.cube
RENAME: 01_Kho_LUT_Chinh_Mau/Format_CUBE/va_khac_log_Phim_Dien_anh_WARM.cube -> 01_Kho_LUT_Chinh_Mau/Format_CUBE/Va_khac_brand_8_phim_dien_anh_am.cube
RENAME: 01_Kho_LUT_Chinh_Mau/Format_CUBE/va_khac_log_Phim_Dien_anh_WARM2.cube -> 01_Kho_LUT_Chinh_Mau/Format_CUBE/Va_khac_brand_8_phim_dien_anh_warm2.cube
RENAME: 01_Kho_LUT_Chinh_Mau/Format_CUBE/va_khac_log_Phim_Dien_anh_WARM2_1.cube -> 01_Kho_LUT_Chinh_Mau/Format_CUBE/Va_khac_brand_8_phim_dien_anh_warm2_1.cube
RENAME: 01_Kho_LUT_Chinh_Mau/Format_CUBE/va_khac_log_Phim_Dien_anh_WARM_1.cube -> 01_Kho_LUT_Chinh_Mau/Format_CUBE/Va_khac_brand_8_phim_dien_anh_am_1.cube
RENAME: 01_Kho_LUT_Chinh_Mau/Format_CUBE/va_khac_log_Phim_Dien_anh_YELLOW.cube -> 01_Kho_LUT_Chinh_Mau/Format_CUBE/Va_khac_brand_8_phim_dien_anh_vang.cube
RENAME: 01_Kho_LUT_Chinh_Mau/Format_CUBE/va_khac_log_Phim_Dien_anh_YELLOW_1.cube -> 01_Kho_LUT_Chinh_Mau/Format_CUBE/Va_khac_brand_8_phim_dien_anh_vang_1.cube
RENAME: 01_Kho_LUT_Chinh_Mau/Format_CUBE/Velvia.cube -> 01_Kho_LUT_Chinh_Mau/Format_CUBE/Velvia.cube
RENAME: 01_Kho_LUT_Chinh_Mau/Format_CUBE/vintage-O.cube -> 01_Kho_LUT_Chinh_Mau/Format_CUBE/Hoai_co_o.cube
RENAME: 01_Kho_LUT_Chinh_Mau/Format_CUBE/VINTAGE_VIBES.cube -> 01_Kho_LUT_Chinh_Mau/Format_CUBE/Hoai_co_vibes.cube
RENAME: 01_Kho_LUT_Chinh_Mau/Format_CUBE/Vivid.cube -> 01_Kho_LUT_Chinh_Mau/Format_CUBE/Vivid.cube
RENAME: 01_Kho_LUT_Chinh_Mau/Format_CUBE/vivo-Log-ACROS.cube -> 01_Kho_LUT_Chinh_Mau/Format_CUBE/Vivo_brand_8_acros.cube
RENAME: 01_Kho_LUT_Chinh_Mau/Format_CUBE/vivo-Log-ASTIA.cube -> 01_Kho_LUT_Chinh_Mau/Format_CUBE/Vivo_brand_8_astia.cube
RENAME: 01_Kho_LUT_Chinh_Mau/Format_CUBE/vivo-Log-CLASSIC-CHROME.cube -> 01_Kho_LUT_Chinh_Mau/Format_CUBE/Vivo_brand_8_co_dien_chrome.cube
RENAME: 01_Kho_LUT_Chinh_Mau/Format_CUBE/vivo-Log-CLASSIC-Neg.cube -> 01_Kho_LUT_Chinh_Mau/Format_CUBE/Vivo_brand_8_co_dien_neg.cube
RENAME: 01_Kho_LUT_Chinh_Mau/Format_CUBE/vivo-Log-ETERNA-BB.cube -> 01_Kho_LUT_Chinh_Mau/Format_CUBE/Vivo_brand_8_eterna_bb.cube
RENAME: 01_Kho_LUT_Chinh_Mau/Format_CUBE/vivo-Log-ETERNA.cube -> 01_Kho_LUT_Chinh_Mau/Format_CUBE/Vivo_brand_8_eterna.cube
RENAME: 01_Kho_LUT_Chinh_Mau/Format_CUBE/vivo-Log-PRO-Neg.cube -> 01_Kho_LUT_Chinh_Mau/Format_CUBE/Vivo_brand_8_pro_neg.cube
RENAME: 01_Kho_LUT_Chinh_Mau/Format_CUBE/vivo-Log-PROVIA.cube -> 01_Kho_LUT_Chinh_Mau/Format_CUBE/Vivo_brand_8_provia.cube
RENAME: 01_Kho_LUT_Chinh_Mau/Format_CUBE/vivo-Log-REALA-ACE.cube -> 01_Kho_LUT_Chinh_Mau/Format_CUBE/Vivo_brand_8_reala_ace.cube
RENAME: 01_Kho_LUT_Chinh_Mau/Format_CUBE/vivo-Log-Velvia.cube -> 01_Kho_LUT_Chinh_Mau/Format_CUBE/Vivo_brand_8_velvia.cube
RENAME: 01_Kho_LUT_Chinh_Mau/Format_CUBE/vlog_25.P1028965.cube -> 01_Kho_LUT_Chinh_Mau/Format_CUBE/V_brand_8_25.p1028965.cube
RENAME: 01_Kho_LUT_Chinh_Mau/Format_CUBE/warm.cube -> 01_Kho_LUT_Chinh_Mau/Format_CUBE/Am.cube
RENAME: 01_Kho_LUT_Chinh_Mau/Format_CUBE/warm2.cube -> 01_Kho_LUT_Chinh_Mau/Format_CUBE/Warm2.cube
RENAME: 01_Kho_LUT_Chinh_Mau/Format_CUBE/Warm_Fade.cube -> 01_Kho_LUT_Chinh_Mau/Format_CUBE/Am_fade.cube
RENAME: 01_Kho_LUT_Chinh_Mau/Format_CUBE/yellow.cube -> 01_Kho_LUT_Chinh_Mau/Format_CUBE/Vang.cube
RENAME: 01_Kho_LUT_Chinh_Mau/Format_CUBE/zcam_13.A001C1036_20220109174539_0001.cube -> 01_Kho_LUT_Chinh_Mau/Format_CUBE/Zcam_13.a001c1036_20220109174539_0001.cube
RENAME: 01_Kho_LUT_Chinh_Mau/Format_CUBE/_1_cold.cube -> 01_Kho_LUT_Chinh_Mau/Format_CUBE/1_lanh.cube
RENAME: 01_Kho_LUT_Chinh_Mau/Format_CUBE/_1_warm.cube -> 01_Kho_LUT_Chinh_Mau/Format_CUBE/1_am.cube
RENAME: 01_Kho_LUT_Chinh_Mau/Format_CUBE/_6_cold.cube -> 01_Kho_LUT_Chinh_Mau/Format_CUBE/6_lanh.cube
RENAME: 01_Kho_LUT_Chinh_Mau/Format_CUBE/_6_warm.cube -> 01_Kho_LUT_Chinh_Mau/Format_CUBE/6_am.cube
RENAME: 01_Kho_LUT_Chinh_Mau/Format_CUBE/_8_DAY_FOR_NIGHT.cube -> 01_Kho_LUT_Chinh_Mau/Format_CUBE/8_day_for_canh_dem.cube
RENAME: 01_Kho_LUT_Chinh_Mau/Format_CUBE/基础电影色 Film - Mydo.cube -> 01_Kho_LUT_Chinh_Mau/Format_CUBE/phim_mydo.cube
RENAME: 01_Kho_LUT_Chinh_Mau/Format_CUBE/明亮清透Light V1 - Mydo.cube -> 01_Kho_LUT_Chinh_Mau/Format_CUBE/light_v1_mydo.cube
RENAME: 01_Kho_LUT_Chinh_Mau/Format_CUBE/明亮清透Light V2 - Mydo.cube -> 01_Kho_LUT_Chinh_Mau/Format_CUBE/light_v2_mydo.cube
RENAME: 01_Kho_LUT_Chinh_Mau/Format_CUBE/标准影视Strip - Mydo.cube -> 01_Kho_LUT_Chinh_Mau/Format_CUBE/strip_mydo.cube
RENAME: 01_Kho_LUT_Chinh_Mau/Format_CUBE/深邃电影deep cine - Mydo.cube -> 01_Kho_LUT_Chinh_Mau/Format_CUBE/deep_cine_mydo.cube
RENAME: 01_Kho_LUT_Chinh_Mau/Format_CUBE/清亮影视Mint - Mydo.cube -> 01_Kho_LUT_Chinh_Mau/Format_CUBE/mint_mydo.cube
RENAME: 01_Kho_LUT_Chinh_Mau/Format_CUBE/电影JOKER - Mydo.cube -> 01_Kho_LUT_Chinh_Mau/Format_CUBE/joker_mydo.cube
RENAME: 01_Kho_LUT_Chinh_Mau/Format_CUBE/电影丛林Hnnbl - Mydo.cube -> 01_Kho_LUT_Chinh_Mau/Format_CUBE/hnnbl_mydo.cube
RENAME: 01_Kho_LUT_Chinh_Mau/Format_CUBE/电影灰Duotone - Mydo.cube -> 01_Kho_LUT_Chinh_Mau/Format_CUBE/duotone_mydo.cube
RENAME: 01_Kho_LUT_Chinh_Mau/Format_CUBE/电影绿wonder - Mydo.cube -> 01_Kho_LUT_Chinh_Mau/Format_CUBE/wonder_mydo.cube
RENAME: 01_Kho_LUT_Chinh_Mau/Format_CUBE/纯青橙Only OT - Mydo.cube -> 01_Kho_LUT_Chinh_Mau/Format_CUBE/only_ot_mydo.cube
RENAME: 01_Kho_LUT_Chinh_Mau/Format_CUBE/通用电影stnd cine - Mydo.cube -> 01_Kho_LUT_Chinh_Mau/Format_CUBE/stnd_cine_mydo.cube
RENAME: 01_Kho_LUT_Chinh_Mau/Format_VLT/._.vlt -> 01_Kho_LUT_Chinh_Mau/Format_VLT/._.vlt.vlt
RENAME: 01_Kho_LUT_Chinh_Mau/Format_VLT/._HasselbladBlueFilm_Booz.vlt -> 01_Kho_LUT_Chinh_Mau/Format_VLT/._hasselbladbluefilm_booz.vlt.vlt
RENAME: 01_Kho_LUT_Chinh_Mau/Format_VLT/._HasselbladPortrait_Booz.vlt -> 01_Kho_LUT_Chinh_Mau/Format_VLT/._hasselbladportrait_booz.vlt.vlt
RENAME: 01_Kho_LUT_Chinh_Mau/Format_VLT/._Phong_cach_Nhat_Ban_.vlt -> 01_Kho_LUT_Chinh_Mau/Format_VLT/._phong_cach_nhat_ban_.vlt.vlt
RENAME: 01_Kho_LUT_Chinh_Mau/Format_VLT/._SenGreen_Booz.vlt -> 01_Kho_LUT_Chinh_Mau/Format_VLT/._sengreen_booz.vlt.vlt
RENAME: 01_Kho_LUT_Chinh_Mau/Format_VLT/1.vlt -> 01_Kho_LUT_Chinh_Mau/Format_VLT/1.vlt.vlt
RENAME: 01_Kho_LUT_Chinh_Mau/Format_VLT/2.vlt -> 01_Kho_LUT_Chinh_Mau/Format_VLT/2.vlt.vlt
RENAME: 01_Kho_LUT_Chinh_Mau/Format_VLT/2383.vlt -> 01_Kho_LUT_Chinh_Mau/Format_VLT/2383.vlt.vlt
RENAME: 01_Kho_LUT_Chinh_Mau/Format_VLT/3.vlt -> 01_Kho_LUT_Chinh_Mau/Format_VLT/3.vlt.vlt
RENAME: 01_Kho_LUT_Chinh_Mau/Format_VLT/3513cold.vlt -> 01_Kho_LUT_Chinh_Mau/Format_VLT/3513cold.vlt.vlt
RENAME: 01_Kho_LUT_Chinh_Mau/Format_VLT/4.vlt -> 01_Kho_LUT_Chinh_Mau/Format_VLT/4.vlt.vlt
RENAME: 01_Kho_LUT_Chinh_Mau/Format_VLT/5213.vlt -> 01_Kho_LUT_Chinh_Mau/Format_VLT/5213.vlt.vlt
RENAME: 01_Kho_LUT_Chinh_Mau/Format_VLT/aletai.vlt -> 01_Kho_LUT_Chinh_Mau/Format_VLT/Aletai.vlt.vlt
RENAME: 01_Kho_LUT_Chinh_Mau/Format_VLT/Canh_dem.vlt -> 01_Kho_LUT_Chinh_Mau/Format_VLT/Canh_dem.vlt.vlt
RENAME: 01_Kho_LUT_Chinh_Mau/Format_VLT/Canh_dem2.vlt -> 01_Kho_LUT_Chinh_Mau/Format_VLT/Canh_dem2.vlt.vlt
RENAME: 01_Kho_LUT_Chinh_Mau/Format_VLT/Chuyen_dung(_Nhap_Import_)_Canh_dem.vlt -> 01_Kho_LUT_Chinh_Mau/Format_VLT/Chuyen_dung_nhap_import_canh_dem.vlt.vlt
RENAME: 01_Kho_LUT_Chinh_Mau/Format_VLT/Chuyen_dung(_Nhap_Import_)_Canh_dem2.vlt -> 01_Kho_LUT_Chinh_Mau/Format_VLT/Chuyen_dung_nhap_import_canh_dem2.vlt.vlt
RENAME: 01_Kho_LUT_Chinh_Mau/Format_VLT/cineii.vlt -> 01_Kho_LUT_Chinh_Mau/Format_VLT/Cineii.vlt.vlt
RENAME: 01_Kho_LUT_Chinh_Mau/Format_VLT/cinelite.vlt -> 01_Kho_LUT_Chinh_Mau/Format_VLT/Cinelite.vlt.vlt
RENAME: 01_Kho_LUT_Chinh_Mau/Format_VLT/cinematic.vlt -> 01_Kho_LUT_Chinh_Mau/Format_VLT/Dien_anh.vlt.vlt
RENAME: 01_Kho_LUT_Chinh_Mau/Format_VLT/cnlike.vlt -> 01_Kho_LUT_Chinh_Mau/Format_VLT/Cnlike.vlt.vlt
RENAME: 01_Kho_LUT_Chinh_Mau/Format_VLT/cold.vlt -> 01_Kho_LUT_Chinh_Mau/Format_VLT/Lanh.vlt.vlt
RENAME: 01_Kho_LUT_Chinh_Mau/Format_VLT/coolstyle.vlt -> 01_Kho_LUT_Chinh_Mau/Format_VLT/Coolstyle.vlt.vlt
RENAME: 01_Kho_LUT_Chinh_Mau/Format_VLT/Dinh_dang_trong_may_Panasonic_aletai.vlt -> 01_Kho_LUT_Chinh_Mau/Format_VLT/Dinh_dang_trong_may_panasonic_aletai.vlt.vlt
RENAME: 01_Kho_LUT_Chinh_Mau/Format_VLT/Dinh_dang_trong_may_Panasonic_cinematic.vlt -> 01_Kho_LUT_Chinh_Mau/Format_VLT/Dinh_dang_trong_may_panasonic_dien_anh.vlt.vlt
RENAME: 01_Kho_LUT_Chinh_Mau/Format_VLT/Dinh_dang_trong_may_Panasonic_coolstyle.vlt -> 01_Kho_LUT_Chinh_Mau/Format_VLT/Dinh_dang_trong_may_panasonic_coolstyle.vlt.vlt
RENAME: 01_Kho_LUT_Chinh_Mau/Format_VLT/Dinh_dang_trong_may_Panasonic_dongman.vlt -> 01_Kho_LUT_Chinh_Mau/Format_VLT/Dinh_dang_trong_may_panasonic_dongman.vlt.vlt
RENAME: 01_Kho_LUT_Chinh_Mau/Format_VLT/Dinh_dang_trong_may_Panasonic_gentle.vlt -> 01_Kho_LUT_Chinh_Mau/Format_VLT/Dinh_dang_trong_may_panasonic_gentle.vlt.vlt
RENAME: 01_Kho_LUT_Chinh_Mau/Format_VLT/Dinh_dang_trong_may_Panasonic_kadak2393.vlt -> 01_Kho_LUT_Chinh_Mau/Format_VLT/Dinh_dang_trong_may_panasonic_kadak2393.vlt.vlt
RENAME: 01_Kho_LUT_Chinh_Mau/Format_VLT/Dinh_dang_trong_may_Panasonic_light-lime.vlt -> 01_Kho_LUT_Chinh_Mau/Format_VLT/Dinh_dang_trong_may_panasonic_sang_lime.vlt.vlt
RENAME: 01_Kho_LUT_Chinh_Mau/Format_VLT/Dinh_dang_trong_may_Panasonic_Sach_Clean.vlt -> 01_Kho_LUT_Chinh_Mau/Format_VLT/Dinh_dang_trong_may_panasonic_sach_trong_treo.vlt.vlt
RENAME: 01_Kho_LUT_Chinh_Mau/Format_VLT/Dinh_dang_trong_may_Panasonic_vintage-O.vlt -> 01_Kho_LUT_Chinh_Mau/Format_VLT/Dinh_dang_trong_may_panasonic_hoai_co_o.vlt.vlt
RENAME: 01_Kho_LUT_Chinh_Mau/Format_VLT/dongman.vlt -> 01_Kho_LUT_Chinh_Mau/Format_VLT/Dongman.vlt.vlt
RENAME: 01_Kho_LUT_Chinh_Mau/Format_VLT/film.vlt -> 01_Kho_LUT_Chinh_Mau/Format_VLT/Phim.vlt.vlt
RENAME: 01_Kho_LUT_Chinh_Mau/Format_VLT/film3513.vlt -> 01_Kho_LUT_Chinh_Mau/Format_VLT/Film3513.vlt.vlt
RENAME: 01_Kho_LUT_Chinh_Mau/Format_VLT/gentle.vlt -> 01_Kho_LUT_Chinh_Mau/Format_VLT/Gentle.vlt.vlt
RENAME: 01_Kho_LUT_Chinh_Mau/Format_VLT/green.vlt -> 01_Kho_LUT_Chinh_Mau/Format_VLT/Xanh_la.vlt.vlt
RENAME: 01_Kho_LUT_Chinh_Mau/Format_VLT/HasselbladBlueFilm_Booz.vlt -> 01_Kho_LUT_Chinh_Mau/Format_VLT/Hasselbladbluefilm_booz.vlt.vlt
RENAME: 01_Kho_LUT_Chinh_Mau/Format_VLT/HasselbladPortrait_Booz.vlt -> 01_Kho_LUT_Chinh_Mau/Format_VLT/Hasselbladportrait_booz.vlt.vlt
RENAME: 01_Kho_LUT_Chinh_Mau/Format_VLT/kadak2393.vlt -> 01_Kho_LUT_Chinh_Mau/Format_VLT/Kadak2393.vlt.vlt
RENAME: 01_Kho_LUT_Chinh_Mau/Format_VLT/light-lime.vlt -> 01_Kho_LUT_Chinh_Mau/Format_VLT/Sang_lime.vlt.vlt
RENAME: 01_Kho_LUT_Chinh_Mau/Format_VLT/light.vlt -> 01_Kho_LUT_Chinh_Mau/Format_VLT/Sang.vlt.vlt
RENAME: 01_Kho_LUT_Chinh_Mau/Format_VLT/lightwarm.vlt -> 01_Kho_LUT_Chinh_Mau/Format_VLT/Lightwarm.vlt.vlt
RENAME: 01_Kho_LUT_Chinh_Mau/Format_VLT/lime.vlt -> 01_Kho_LUT_Chinh_Mau/Format_VLT/Lime.vlt.vlt
RENAME: 01_Kho_LUT_Chinh_Mau/Format_VLT/MACOSX_._.vlt -> 01_Kho_LUT_Chinh_Mau/Format_VLT/Macosx_._.vlt.vlt
RENAME: 01_Kho_LUT_Chinh_Mau/Format_VLT/MACOSX_.__1.vlt -> 01_Kho_LUT_Chinh_Mau/Format_VLT/Macosx_._1.vlt.vlt
RENAME: 01_Kho_LUT_Chinh_Mau/Format_VLT/MACOSX_.__1_2.vlt -> 01_Kho_LUT_Chinh_Mau/Format_VLT/Macosx_._1_2.vlt.vlt
RENAME: 01_Kho_LUT_Chinh_Mau/Format_VLT/MACOSX_.__1_2_3.vlt -> 01_Kho_LUT_Chinh_Mau/Format_VLT/Macosx_._1_2_3.vlt.vlt
RENAME: 01_Kho_LUT_Chinh_Mau/Format_VLT/Phong_cach_Nhat_Ban_.vlt -> 01_Kho_LUT_Chinh_Mau/Format_VLT/Phong_cach_nhat_ban_.vlt.vlt
RENAME: 01_Kho_LUT_Chinh_Mau/Format_VLT/Sach_Clean.vlt -> 01_Kho_LUT_Chinh_Mau/Format_VLT/Sach_trong_treo.vlt.vlt
RENAME: 01_Kho_LUT_Chinh_Mau/Format_VLT/SenGreen_Booz.vlt -> 01_Kho_LUT_Chinh_Mau/Format_VLT/Sengreen_booz.vlt.vlt
RENAME: 01_Kho_LUT_Chinh_Mau/Format_VLT/T&O.vlt -> 01_Kho_LUT_Chinh_Mau/Format_VLT/T_o.vlt.vlt
RENAME: 01_Kho_LUT_Chinh_Mau/Format_VLT/vintage-O.vlt -> 01_Kho_LUT_Chinh_Mau/Format_VLT/Hoai_co_o.vlt.vlt
RENAME: 01_Kho_LUT_Chinh_Mau/Format_VLT/vlut_1.vlt -> 01_Kho_LUT_Chinh_Mau/Format_VLT/Vlut_1.vlt.vlt
RENAME: 01_Kho_LUT_Chinh_Mau/Format_VLT/vlut_2.vlt -> 01_Kho_LUT_Chinh_Mau/Format_VLT/Vlut_2.vlt.vlt
RENAME: 01_Kho_LUT_Chinh_Mau/Format_VLT/vlut_2383.vlt -> 01_Kho_LUT_Chinh_Mau/Format_VLT/Vlut_2383.vlt.vlt
RENAME: 01_Kho_LUT_Chinh_Mau/Format_VLT/vlut_3.vlt -> 01_Kho_LUT_Chinh_Mau/Format_VLT/Vlut_3.vlt.vlt
RENAME: 01_Kho_LUT_Chinh_Mau/Format_VLT/vlut_3513cold.vlt -> 01_Kho_LUT_Chinh_Mau/Format_VLT/Vlut_3513cold.vlt.vlt
RENAME: 01_Kho_LUT_Chinh_Mau/Format_VLT/vlut_4.vlt -> 01_Kho_LUT_Chinh_Mau/Format_VLT/Vlut_4.vlt.vlt
RENAME: 01_Kho_LUT_Chinh_Mau/Format_VLT/vlut_5213.vlt -> 01_Kho_LUT_Chinh_Mau/Format_VLT/Vlut_5213.vlt.vlt
RENAME: 01_Kho_LUT_Chinh_Mau/Format_VLT/vlut_cnlike.vlt -> 01_Kho_LUT_Chinh_Mau/Format_VLT/Vlut_cnlike.vlt.vlt
RENAME: 01_Kho_LUT_Chinh_Mau/Format_VLT/vlut_film3513.vlt -> 01_Kho_LUT_Chinh_Mau/Format_VLT/Vlut_film3513.vlt.vlt
RENAME: 01_Kho_LUT_Chinh_Mau/Format_VLT/vlut_light.vlt -> 01_Kho_LUT_Chinh_Mau/Format_VLT/Vlut_sang.vlt.vlt
RENAME: 01_Kho_LUT_Chinh_Mau/Format_VLT/vlut_lightwarm.vlt -> 01_Kho_LUT_Chinh_Mau/Format_VLT/Vlut_lightwarm.vlt.vlt
RENAME: 01_Kho_LUT_Chinh_Mau/Format_VLT/vlut_lime.vlt -> 01_Kho_LUT_Chinh_Mau/Format_VLT/Vlut_lime.vlt.vlt
RENAME: 01_Kho_LUT_Chinh_Mau/Format_VLT/vlut_Phim_Dien_anh_(_Dien_thoai)_2383.vlt -> 01_Kho_LUT_Chinh_Mau/Format_VLT/Vlut_phim_dien_anh_dien_thoai_2383.vlt.vlt
RENAME: 01_Kho_LUT_Chinh_Mau/Format_VLT/vlut_Phim_Dien_anh_(_Dien_thoai)_cineii.vlt -> 01_Kho_LUT_Chinh_Mau/Format_VLT/Vlut_phim_dien_anh_dien_thoai_cineii.vlt.vlt
RENAME: 01_Kho_LUT_Chinh_Mau/Format_VLT/vlut_Phim_Dien_anh_(_Dien_thoai)_cinelite.vlt -> 01_Kho_LUT_Chinh_Mau/Format_VLT/Vlut_phim_dien_anh_dien_thoai_cinelite.vlt.vlt
RENAME: 01_Kho_LUT_Chinh_Mau/Format_VLT/vlut_Phim_Dien_anh_(_Dien_thoai)_cold.vlt -> 01_Kho_LUT_Chinh_Mau/Format_VLT/Vlut_phim_dien_anh_dien_thoai_lanh.vlt.vlt
RENAME: 01_Kho_LUT_Chinh_Mau/Format_VLT/vlut_Phim_Dien_anh_(_Dien_thoai)_film.vlt -> 01_Kho_LUT_Chinh_Mau/Format_VLT/Vlut_phim_dien_anh_dien_thoai_phim.vlt.vlt
RENAME: 01_Kho_LUT_Chinh_Mau/Format_VLT/vlut_Phim_Dien_anh_(_Dien_thoai)_green.vlt -> 01_Kho_LUT_Chinh_Mau/Format_VLT/Vlut_phim_dien_anh_dien_thoai_xanh_la.vlt.vlt
RENAME: 01_Kho_LUT_Chinh_Mau/Format_VLT/vlut_Phim_Dien_anh_(_Dien_thoai)_T&O.vlt -> 01_Kho_LUT_Chinh_Mau/Format_VLT/Vlut_phim_dien_anh_dien_thoai_t_o.vlt.vlt
RENAME: 01_Kho_LUT_Chinh_Mau/Format_VLT/vlut_Phim_Dien_anh_(_Dien_thoai)_warm.vlt -> 01_Kho_LUT_Chinh_Mau/Format_VLT/Vlut_phim_dien_anh_dien_thoai_am.vlt.vlt
RENAME: 01_Kho_LUT_Chinh_Mau/Format_VLT/vlut_Phim_Dien_anh_(_Dien_thoai)_warmii.vlt -> 01_Kho_LUT_Chinh_Mau/Format_VLT/Vlut_phim_dien_anh_dien_thoai_warmii.vlt.vlt
RENAME: 01_Kho_LUT_Chinh_Mau/Format_VLT/vlut_Phim_Dien_anh_(_Dien_thoai)_yellow.vlt -> 01_Kho_LUT_Chinh_Mau/Format_VLT/Vlut_phim_dien_anh_dien_thoai_vang.vlt.vlt
RENAME: 01_Kho_LUT_Chinh_Mau/Format_VLT/vlut_Phim_Dien_anh_2383.vlt -> 01_Kho_LUT_Chinh_Mau/Format_VLT/Vlut_phim_dien_anh_2383.vlt.vlt
RENAME: 01_Kho_LUT_Chinh_Mau/Format_VLT/warm.vlt -> 01_Kho_LUT_Chinh_Mau/Format_VLT/Am.vlt.vlt
RENAME: 01_Kho_LUT_Chinh_Mau/Format_VLT/warmii.vlt -> 01_Kho_LUT_Chinh_Mau/Format_VLT/Warmii.vlt.vlt
RENAME: 01_Kho_LUT_Chinh_Mau/Format_VLT/yellow.vlt -> 01_Kho_LUT_Chinh_Mau/Format_VLT/Vang.vlt.vlt
RENAME: 02_Presets_Cai_Dat/3513.xmp -> 02_Presets_Cai_Dat/3513.xmp.xmp
RENAME: 02_Presets_Cai_Dat/3513_cold.xmp -> 02_Presets_Cai_Dat/3513_lanh.xmp.xmp
RENAME: 02_Presets_Cai_Dat/5213.xmp -> 02_Presets_Cai_Dat/5213.xmp.xmp
RENAME: 02_Presets_Cai_Dat/Canh_dem1.xmp -> 02_Presets_Cai_Dat/Canh_dem1.xmp.xmp
RENAME: 02_Presets_Cai_Dat/Canh_dem2.xmp -> 02_Presets_Cai_Dat/Canh_dem2.xmp.xmp
RENAME: 02_Presets_Cai_Dat/cine2.xmp -> 02_Presets_Cai_Dat/Dien_anh_v2.xmp.xmp
RENAME: 02_Presets_Cai_Dat/cine_lite.xmp -> 02_Presets_Cai_Dat/Cine_lite.xmp.xmp
RENAME: 02_Presets_Cai_Dat/cnlike.xmp -> 02_Presets_Cai_Dat/Cnlike.xmp.xmp
RENAME: 02_Presets_Cai_Dat/cold.xmp -> 02_Presets_Cai_Dat/Lanh.xmp.xmp
RENAME: 02_Presets_Cai_Dat/film.xmp -> 02_Presets_Cai_Dat/Phim.xmp.xmp
RENAME: 02_Presets_Cai_Dat/green.xmp -> 02_Presets_Cai_Dat/Xanh_la.xmp.xmp
RENAME: 02_Presets_Cai_Dat/Kodak_2383.xmp -> 02_Presets_Cai_Dat/Brand_0_2383.xmp.xmp
RENAME: 02_Presets_Cai_Dat/light-warm.xmp -> 02_Presets_Cai_Dat/Sang_am.xmp.xmp
RENAME: 02_Presets_Cai_Dat/light.xmp -> 02_Presets_Cai_Dat/Sang.xmp.xmp
RENAME: 02_Presets_Cai_Dat/lime.xmp -> 02_Presets_Cai_Dat/Lime.xmp.xmp
RENAME: 02_Presets_Cai_Dat/Phim_Dien_anh&_xmp(ps_lrChuyen_dung)_3513.xmp -> 02_Presets_Cai_Dat/Phim_dien_anh_xmp_ps_lrchuyen_dung_3513.xmp.xmp
RENAME: 02_Presets_Cai_Dat/Phim_Dien_anh&_xmp(ps_lrChuyen_dung)_3513_cold.xmp -> 02_Presets_Cai_Dat/Phim_dien_anh_xmp_ps_lrchuyen_dung_3513_lanh.xmp.xmp
RENAME: 02_Presets_Cai_Dat/Phim_Dien_anh&_xmp(ps_lrChuyen_dung)_5213.xmp -> 02_Presets_Cai_Dat/Phim_dien_anh_xmp_ps_lrchuyen_dung_5213.xmp.xmp
RENAME: 02_Presets_Cai_Dat/Phim_Dien_anh&_xmp(ps_lrChuyen_dung)_cine2.xmp -> 02_Presets_Cai_Dat/Phim_dien_anh_xmp_ps_lrchuyen_dung_dien_anh_v2.xmp.xmp
RENAME: 02_Presets_Cai_Dat/Phim_Dien_anh&_xmp(ps_lrChuyen_dung)_cine_lite.xmp -> 02_Presets_Cai_Dat/Phim_dien_anh_xmp_ps_lrchuyen_dung_cine_lite.xmp.xmp
RENAME: 02_Presets_Cai_Dat/Phim_Dien_anh&_xmp(ps_lrChuyen_dung)_cnlike.xmp -> 02_Presets_Cai_Dat/Phim_dien_anh_xmp_ps_lrchuyen_dung_cnlike.xmp.xmp
RENAME: 02_Presets_Cai_Dat/Phim_Dien_anh&_xmp(ps_lrChuyen_dung)_cold.xmp -> 02_Presets_Cai_Dat/Phim_dien_anh_xmp_ps_lrchuyen_dung_lanh.xmp.xmp
RENAME: 02_Presets_Cai_Dat/Phim_Dien_anh&_xmp(ps_lrChuyen_dung)_film.xmp -> 02_Presets_Cai_Dat/Phim_dien_anh_xmp_ps_lrchuyen_dung_phim.xmp.xmp
RENAME: 02_Presets_Cai_Dat/Phim_Dien_anh&_xmp(ps_lrChuyen_dung)_green.xmp -> 02_Presets_Cai_Dat/Phim_dien_anh_xmp_ps_lrchuyen_dung_xanh_la.xmp.xmp
RENAME: 02_Presets_Cai_Dat/Phim_Dien_anh&_xmp(ps_lrChuyen_dung)_Kodak_2383.xmp -> 02_Presets_Cai_Dat/Phim_dien_anh_xmp_ps_lrchuyen_dung_brand_0_2383.xmp.xmp
RENAME: 02_Presets_Cai_Dat/Phim_Dien_anh&_xmp(ps_lrChuyen_dung)_light-warm.xmp -> 02_Presets_Cai_Dat/Phim_dien_anh_xmp_ps_lrchuyen_dung_sang_am.xmp.xmp
RENAME: 02_Presets_Cai_Dat/Phim_Dien_anh&_xmp(ps_lrChuyen_dung)_light.xmp -> 02_Presets_Cai_Dat/Phim_dien_anh_xmp_ps_lrchuyen_dung_sang.xmp.xmp
RENAME: 02_Presets_Cai_Dat/Phim_Dien_anh&_xmp(ps_lrChuyen_dung)_lime.xmp -> 02_Presets_Cai_Dat/Phim_dien_anh_xmp_ps_lrchuyen_dung_lime.xmp.xmp
RENAME: 02_Presets_Cai_Dat/Phim_Dien_anh&_xmp(ps_lrChuyen_dung)_Teal_and_Orange.xmp -> 02_Presets_Cai_Dat/Phim_dien_anh_xmp_ps_lrchuyen_dung_xanh_va_cam.xmp.xmp
RENAME: 02_Presets_Cai_Dat/Phim_Dien_anh&_xmp(ps_lrChuyen_dung)_warm.xmp -> 02_Presets_Cai_Dat/Phim_dien_anh_xmp_ps_lrchuyen_dung_am.xmp.xmp
RENAME: 02_Presets_Cai_Dat/Phim_Dien_anh&_xmp(ps_lrChuyen_dung)_warm2.xmp -> 02_Presets_Cai_Dat/Phim_dien_anh_xmp_ps_lrchuyen_dung_warm2.xmp.xmp
RENAME: 02_Presets_Cai_Dat/Phim_Dien_anh&_xmp(ps_lrChuyen_dung)_yellow.xmp -> 02_Presets_Cai_Dat/Phim_dien_anh_xmp_ps_lrchuyen_dung_vang.xmp.xmp
RENAME: 02_Presets_Cai_Dat/Teal_and_Orange.xmp -> 02_Presets_Cai_Dat/Xanh_va_cam.xmp.xmp
RENAME: 02_Presets_Cai_Dat/warm.xmp -> 02_Presets_Cai_Dat/Am.xmp.xmp
RENAME: 02_Presets_Cai_Dat/warm2.xmp -> 02_Presets_Cai_Dat/Warm2.xmp.xmp
RENAME: 02_Presets_Cai_Dat/yellow.xmp -> 02_Presets_Cai_Dat/Vang.xmp.xmp
RENAME: 02_Presets_Cai_Dat/_1_Canh_dem1.xmp -> 02_Presets_Cai_Dat/1_canh_dem1.xmp.xmp
RENAME: 02_Presets_Cai_Dat/_1_Canh_dem2.xmp -> 02_Presets_Cai_Dat/1_canh_dem2.xmp.xmp
RENAME: 03_Video_Huong_Dan/A001C268_20230709_866F.mov -> 03_Video_Huong_Dan/A001c268_20230709_866f.mov.mov
RENAME: 03_Video_Huong_Dan/Apple_iPhoneDien_thoaiLien_quanGiai_thichHuong_dan_Huong_dan_nhap_Apple_Blackmagic_Cam.mov -> 03_Video_Huong_Dan/Brand_4_iphonedien_thoailien_quangiai_thichhuong_dan_huong_dan_nhap_brand_4_brand_5_cam.mov.mov
RENAME: 03_Video_Huong_Dan/Apple_iPhoneDien_thoaiLien_quanGiai_thichHuong_dan_Nguoi_moi_bat_dauiPhone_Phai_xem(Vui_long_khong_hoi_cau_ngo_ngan).mov -> 03_Video_Huong_Dan/Brand_4_iphonedien_thoailien_quangiai_thichhuong_dan_nguoi_moi_bat_dauiphone_phai_xem_vui_long_khong_hoi_cau_ngo_ngan_.mov.mov
RENAME: 03_Video_Huong_Dan/Apple_iPhoneDien_thoaiLien_quanGiai_thichHuong_dan_VNNhap_ImportlutHuong_dan(_Xem_truocBlackmagic_).mov -> 03_Video_Huong_Dan/Brand_4_iphonedien_thoailien_quangiai_thichhuong_dan_vnnhap_importluthuong_dan_xem_truoc_brand_5_.mov.mov
RENAME: 03_Video_Huong_Dan/Bo_suu_tap_Anime_Altay_CuratorLin_Huong_dan_nhap_Apple_Blackmagic_Cam.mov -> 03_Video_Huong_Dan/Bo_suu_tap_anime_altay_curatorlin_huong_dan_nhap_brand_4_brand_5_cam.mov.mov
RENAME: 03_Video_Huong_Dan/C2440.MP4 -> 03_Video_Huong_Dan/C2440.mp4.MP4
RENAME: 03_Video_Huong_Dan/C2442.MP4 -> 03_Video_Huong_Dan/C2442.mp4.MP4
RENAME: 03_Video_Huong_Dan/C2450.MP4 -> 03_Video_Huong_Dan/C2450.mp4.MP4
RENAME: 03_Video_Huong_Dan/C2643.MP4 -> 03_Video_Huong_Dan/C2643.mp4.MP4
RENAME: 03_Video_Huong_Dan/C3044.MP4 -> 03_Video_Huong_Dan/C3044.mp4.MP4
RENAME: 03_Video_Huong_Dan/C3168.MP4 -> 03_Video_Huong_Dan/C3168.mp4.MP4
RENAME: 03_Video_Huong_Dan/C3171.MP4 -> 03_Video_Huong_Dan/C3171.mp4.MP4
RENAME: 03_Video_Huong_Dan/C3179.MP4 -> 03_Video_Huong_Dan/C3179.mp4.MP4
RENAME: 03_Video_Huong_Dan/C3287.MP4 -> 03_Video_Huong_Dan/C3287.mp4.MP4
RENAME: 03_Video_Huong_Dan/C3291.MP4 -> 03_Video_Huong_Dan/C3291.mp4.MP4
RENAME: 03_Video_Huong_Dan/C3304.MP4 -> 03_Video_Huong_Dan/C3304.mp4.MP4
RENAME: 03_Video_Huong_Dan/C3325.MP4 -> 03_Video_Huong_Dan/C3325.mp4.MP4
RENAME: 03_Video_Huong_Dan/Cach_khac_phuc_loi_cai_dat_va_hinh_anh_Cach_sua_loi_mau_sac_khi_nhap_LUT.mp4 -> 03_Video_Huong_Dan/Cach_khac_phuc_loi_cai_dat_va_hinh_anh_cach_sua_loi_mau_sac_khi_nhap_lut.mp4.mp4
RENAME: 03_Video_Huong_Dan/Cach_khac_phuc_loi_cai_dat_va_hinh_anh_Cai_dat_va_Cac_van_de_khac.mp4 -> 03_Video_Huong_Dan/Cach_khac_phuc_loi_cai_dat_va_hinh_anh_cai_dat_va_cac_van_de_khac.mp4.mp4
RENAME: 03_Video_Huong_Dan/Cach_sua_loi_mau_sac_khi_nhap_LUT.mp4 -> 03_Video_Huong_Dan/Cach_sua_loi_mau_sac_khi_nhap_lut.mp4.mp4
RENAME: 03_Video_Huong_Dan/Cai_dat_va_Cac_van_de_khac.mp4 -> 03_Video_Huong_Dan/Cai_dat_va_cac_van_de_khac.mp4.mp4
RENAME: 03_Video_Huong_Dan/Huong_dan_JiYing_Camera.mp4 -> 03_Video_Huong_Dan/Huong_dan_jiying_camera.mp4.mp4
RENAME: 03_Video_Huong_Dan/Huong_dan_nhap_Apple_Blackmagic_Cam.mov -> 03_Video_Huong_Dan/Huong_dan_nhap_brand_4_brand_5_cam.mov.mov
RENAME: 03_Video_Huong_Dan/Huong_dan_nhap_Blackmagic_Cam.mov -> 03_Video_Huong_Dan/Huong_dan_nhap_brand_5_cam.mov.mov
RENAME: 03_Video_Huong_Dan/Nguoi_moi_bat_dauiPhone_Phai_xem(Vui_long_khong_hoi_cau_ngo_ngan).mov -> 03_Video_Huong_Dan/Nguoi_moi_bat_dauiphone_phai_xem_vui_long_khong_hoi_cau_ngo_ngan_.mov.mov
RENAME: 03_Video_Huong_Dan/VNNhap_ImportlutHuong_dan(_Xem_truocBlackmagic_).mov -> 03_Video_Huong_Dan/Vnnhap_importluthuong_dan_xem_truoc_brand_5_.mov.mov
RENAME: 03_Video_Huong_Dan/_1_A001C268_20230709_866F.mov -> 03_Video_Huong_Dan/1_a001c268_20230709_866f.mov.mov
RENAME: 03_Video_Huong_Dan/_1_C2440.MP4 -> 03_Video_Huong_Dan/1_c2440.mp4.MP4
RENAME: 03_Video_Huong_Dan/_1_C2442.MP4 -> 03_Video_Huong_Dan/1_c2442.mp4.MP4
RENAME: 03_Video_Huong_Dan/_1_C2450.MP4 -> 03_Video_Huong_Dan/1_c2450.mp4.MP4
RENAME: 03_Video_Huong_Dan/_1_C2643.MP4 -> 03_Video_Huong_Dan/1_c2643.mp4.MP4
RENAME: 03_Video_Huong_Dan/_1_C3044.MP4 -> 03_Video_Huong_Dan/1_c3044.mp4.MP4
RENAME: 03_Video_Huong_Dan/_1_C3168.MP4 -> 03_Video_Huong_Dan/1_c3168.mp4.MP4
RENAME: 03_Video_Huong_Dan/_1_C3171.MP4 -> 03_Video_Huong_Dan/1_c3171.mp4.MP4
RENAME: 03_Video_Huong_Dan/_1_C3179.MP4 -> 03_Video_Huong_Dan/1_c3179.mp4.MP4
RENAME: 03_Video_Huong_Dan/_1_C3287.MP4 -> 03_Video_Huong_Dan/1_c3287.mp4.MP4
RENAME: 03_Video_Huong_Dan/_1_C3291.MP4 -> 03_Video_Huong_Dan/1_c3291.mp4.MP4
RENAME: 03_Video_Huong_Dan/_1_C3304.MP4 -> 03_Video_Huong_Dan/1_c3304.mp4.MP4
RENAME: 03_Video_Huong_Dan/_1_C3325.MP4 -> 03_Video_Huong_Dan/1_c3325.mp4.MP4
RENAME: 04_Anh_Tham_Khao/000_Huong_dan_su_dung_iPhone_Huong_dan_xuat_bo_loc_sang_dien_thoai(_Nhom_QQ1060164525_).JPG -> 04_Anh_Tham_Khao/000_huong_dan_su_dung_iphone_huong_dan_xuat_bo_loc_sang_dien_thoai_nhom_qq1060164525_.jpg.JPG
RENAME: 04_Anh_Tham_Khao/1.1-Tint_Shadow.png -> 04_Anh_Tham_Khao/1.1_tint_shadow.png.png
RENAME: 04_Anh_Tham_Khao/1.2-Tint_Shadow.png -> 04_Anh_Tham_Khao/1.2_tint_shadow.png.png
RENAME: 04_Anh_Tham_Khao/1.3-Tint_Shadow.png -> 04_Anh_Tham_Khao/1.3_tint_shadow.png.png
RENAME: 04_Anh_Tham_Khao/10.1-B&W.png -> 04_Anh_Tham_Khao/10.1_b_w.png.png
RENAME: 04_Anh_Tham_Khao/10.2-B&W.png -> 04_Anh_Tham_Khao/10.2_b_w.png.png
RENAME: 04_Anh_Tham_Khao/10.3-B&W.png -> 04_Anh_Tham_Khao/10.3_b_w.png.png
RENAME: 04_Anh_Tham_Khao/2.1-Green_Dust.png -> 04_Anh_Tham_Khao/2.1_xanh_la_dust.png.png
RENAME: 04_Anh_Tham_Khao/2.2-Green_Dust.png -> 04_Anh_Tham_Khao/2.2_xanh_la_dust.png.png
RENAME: 04_Anh_Tham_Khao/2.3-Green_Dust.png -> 04_Anh_Tham_Khao/2.3_xanh_la_dust.png.png
RENAME: 04_Anh_Tham_Khao/2.jpg -> 04_Anh_Tham_Khao/2.jpg.jpg
RENAME: 04_Anh_Tham_Khao/3.1-Chocolate_Shade.png -> 04_Anh_Tham_Khao/3.1_chocolate_shade.png.png
RENAME: 04_Anh_Tham_Khao/3.2-Chocolate_Shade.png -> 04_Anh_Tham_Khao/3.2_chocolate_shade.png.png
RENAME: 04_Anh_Tham_Khao/3.3-Chocolate_Shade.png -> 04_Anh_Tham_Khao/3.3_chocolate_shade.png.png
RENAME: 04_Anh_Tham_Khao/4.1-Black_Tones.png -> 04_Anh_Tham_Khao/4.1_den_tones.png.png
RENAME: 04_Anh_Tham_Khao/4.2-Black_Tones.png -> 04_Anh_Tham_Khao/4.2_den_tones.png.png
RENAME: 04_Anh_Tham_Khao/4.3-Black_Tones.png -> 04_Anh_Tham_Khao/4.3_den_tones.png.png
RENAME: 04_Anh_Tham_Khao/5.1-Soft_Matte.png -> 04_Anh_Tham_Khao/5.1_mem_mai_matte.png.png
RENAME: 04_Anh_Tham_Khao/5.2-Soft_Matte.png -> 04_Anh_Tham_Khao/5.2_mem_mai_matte.png.png
RENAME: 04_Anh_Tham_Khao/5.3-Soft_Matte.png -> 04_Anh_Tham_Khao/5.3_mem_mai_matte.png.png
RENAME: 04_Anh_Tham_Khao/6.1-Vibrance_Palet.png -> 04_Anh_Tham_Khao/6.1_vibrance_palet.png.png
RENAME: 04_Anh_Tham_Khao/6.2-Vibrance_Palet.png -> 04_Anh_Tham_Khao/6.2_vibrance_palet.png.png
RENAME: 04_Anh_Tham_Khao/6.3-Vibrance_Palet.png -> 04_Anh_Tham_Khao/6.3_vibrance_palet.png.png
RENAME: 04_Anh_Tham_Khao/7.1-Deep_Colors.png -> 04_Anh_Tham_Khao/7.1_deep_colors.png.png
RENAME: 04_Anh_Tham_Khao/7.2-Deep_Colors.png -> 04_Anh_Tham_Khao/7.2_deep_colors.png.png
RENAME: 04_Anh_Tham_Khao/7.3-Deep_Colors.png -> 04_Anh_Tham_Khao/7.3_deep_colors.png.png
RENAME: 04_Anh_Tham_Khao/8.1-Contrast_Nature.png -> 04_Anh_Tham_Khao/8.1_contrast_tu_nhien.png.png
RENAME: 04_Anh_Tham_Khao/8.2-Contrast_Nature.png -> 04_Anh_Tham_Khao/8.2_contrast_tu_nhien.png.png
RENAME: 04_Anh_Tham_Khao/8.3-Contrast_Nature.png -> 04_Anh_Tham_Khao/8.3_contrast_tu_nhien.png.png
RENAME: 04_Anh_Tham_Khao/9.1-Landscape.png -> 04_Anh_Tham_Khao/9.1_phong_canh.png.png
RENAME: 04_Anh_Tham_Khao/9.2-Landscape.png -> 04_Anh_Tham_Khao/9.2_phong_canh.png.png
RENAME: 04_Anh_Tham_Khao/9.3-Landscape.png -> 04_Anh_Tham_Khao/9.3_phong_canh.png.png
RENAME: 04_Anh_Tham_Khao/Am_thuc_Do_an_.jpg -> 04_Anh_Tham_Khao/Am_thuc_do_an_.jpg.jpg
RENAME: 04_Anh_Tham_Khao/Apple_iPhoneDien_thoaiLien_quanGiai_thichHuong_dan_blackmagic_cam_Cai_dat.png -> 04_Anh_Tham_Khao/Brand_4_iphonedien_thoailien_quangiai_thichhuong_dan_brand_5_cam_cai_dat.png.png
RENAME: 04_Anh_Tham_Khao/blackmagic_cam_Cai_dat.png -> 04_Anh_Tham_Khao/Brand_5_cam_cai_dat.png.png
RENAME: 04_Anh_Tham_Khao/Bo_suu_tap_Anime_Altay_CuratorLin_blackmagic_cam_Cai_dat.png -> 04_Anh_Tham_Khao/Bo_suu_tap_anime_altay_curatorlin_brand_5_cam_cai_dat.png.png
RENAME: 04_Anh_Tham_Khao/Cach_khac_phuc_loi_cai_dat_va_hinh_anh_Huong_dan_xuat_bo_loc_sang_dien_thoai(_Nhom_QQ1060164525_).JPG -> 04_Anh_Tham_Khao/Cach_khac_phuc_loi_cai_dat_va_hinh_anh_huong_dan_xuat_bo_loc_sang_dien_thoai_nhom_qq1060164525_.jpg.JPG
RENAME: 04_Anh_Tham_Khao/Cai_dat_cac_dong_may_khac.png -> 04_Anh_Tham_Khao/Cai_dat_cac_dong_may_khac.png.png
RENAME: 04_Anh_Tham_Khao/Cai_dat_dong_iPhone_15_16_17Pro.png -> 04_Anh_Tham_Khao/Cai_dat_dong_iphone_15_16_17pro.png.png
RENAME: 04_Anh_Tham_Khao/Canh_dem_.jpg -> 04_Anh_Tham_Khao/Canh_dem_.jpg.jpg
RENAME: 04_Anh_Tham_Khao/Chan_dunglut_Su_dung_.jpg -> 04_Anh_Tham_Khao/Chan_dunglut_su_dung_.jpg.jpg
RENAME: 04_Anh_Tham_Khao/Chan_dung_.jpg -> 04_Anh_Tham_Khao/Chan_dung_.jpg.jpg
RENAME: 04_Anh_Tham_Khao/Chup_anh_duong_pho_.jpg -> 04_Anh_Tham_Khao/Chup_anh_duong_pho_.jpg.jpg
RENAME: 04_Anh_Tham_Khao/Co_trang_.jpg -> 04_Anh_Tham_Khao/Co_trang_.jpg.jpg
RENAME: 04_Anh_Tham_Khao/Dam_cuoi_Wedding_.jpg -> 04_Anh_Tham_Khao/Dam_cuoi_dam_cuoi_.jpg.jpg
RENAME: 04_Anh_Tham_Khao/Dien_anh_.jpg -> 04_Anh_Tham_Khao/Dien_anh_.jpg.jpg
RENAME: 04_Anh_Tham_Khao/Huong_dan_xuat_bo_loc_sang_dien_thoai(_Nhom_QQ1060164525_).JPG -> 04_Anh_Tham_Khao/Huong_dan_xuat_bo_loc_sang_dien_thoai_nhom_qq1060164525_.jpg.JPG
RENAME: 04_Anh_Tham_Khao/imgi_10_20240709162154411.jpg -> 04_Anh_Tham_Khao/Imgi_10_20240709162154411.jpg.jpg
RENAME: 04_Anh_Tham_Khao/imgi_10_20240709163556592.jpg -> 04_Anh_Tham_Khao/Imgi_10_20240709163556592.jpg.jpg
RENAME: 04_Anh_Tham_Khao/imgi_10_20240709163955552.jpg -> 04_Anh_Tham_Khao/Imgi_10_20240709163955552.jpg.jpg
RENAME: 04_Anh_Tham_Khao/imgi_11_.png -> 04_Anh_Tham_Khao/Imgi_11_.png.png
RENAME: 04_Anh_Tham_Khao/imgi_11_20240709162208150.jpg -> 04_Anh_Tham_Khao/Imgi_11_20240709162208150.jpg.jpg
RENAME: 04_Anh_Tham_Khao/imgi_11_20240709163545841.jpg -> 04_Anh_Tham_Khao/Imgi_11_20240709163545841.jpg.jpg
RENAME: 04_Anh_Tham_Khao/imgi_12_20240709161916736.jpg -> 04_Anh_Tham_Khao/Imgi_12_20240709161916736.jpg.jpg
RENAME: 04_Anh_Tham_Khao/imgi_12_20240709163533274.jpg -> 04_Anh_Tham_Khao/Imgi_12_20240709163533274.jpg.jpg
RENAME: 04_Anh_Tham_Khao/imgi_13_20240709162242574.jpg -> 04_Anh_Tham_Khao/Imgi_13_20240709162242574.jpg.jpg
RENAME: 04_Anh_Tham_Khao/imgi_13_20240709163512405.jpg -> 04_Anh_Tham_Khao/Imgi_13_20240709163512405.jpg.jpg
RENAME: 04_Anh_Tham_Khao/imgi_14_20240709162253876.jpg -> 04_Anh_Tham_Khao/Imgi_14_20240709162253876.jpg.jpg
RENAME: 04_Anh_Tham_Khao/imgi_14_20240709163459660.jpg -> 04_Anh_Tham_Khao/Imgi_14_20240709163459660.jpg.jpg
RENAME: 04_Anh_Tham_Khao/imgi_15_20240709162308783.jpg -> 04_Anh_Tham_Khao/Imgi_15_20240709162308783.jpg.jpg
RENAME: 04_Anh_Tham_Khao/imgi_15_20240709163447704.jpg -> 04_Anh_Tham_Khao/Imgi_15_20240709163447704.jpg.jpg
RENAME: 04_Anh_Tham_Khao/imgi_16_20240709162328568.jpg -> 04_Anh_Tham_Khao/Imgi_16_20240709162328568.jpg.jpg
RENAME: 04_Anh_Tham_Khao/imgi_16_20240709163426286.jpg -> 04_Anh_Tham_Khao/Imgi_16_20240709163426286.jpg.jpg
RENAME: 04_Anh_Tham_Khao/imgi_17_20240709163408769.jpg -> 04_Anh_Tham_Khao/Imgi_17_20240709163408769.jpg.jpg
RENAME: 04_Anh_Tham_Khao/imgi_17_20240709171219747.jpg -> 04_Anh_Tham_Khao/Imgi_17_20240709171219747.jpg.jpg
RENAME: 04_Anh_Tham_Khao/imgi_18_20240709163358371.jpg -> 04_Anh_Tham_Khao/Imgi_18_20240709163358371.jpg.jpg
RENAME: 04_Anh_Tham_Khao/imgi_18_20240912163752647.jpg -> 04_Anh_Tham_Khao/Imgi_18_20240912163752647.jpg.jpg
RENAME: 04_Anh_Tham_Khao/imgi_19_20240709163340475.jpg -> 04_Anh_Tham_Khao/Imgi_19_20240709163340475.jpg.jpg
RENAME: 04_Anh_Tham_Khao/imgi_19_8fb1db26f85d6aef12c32a015e191e2.png -> 04_Anh_Tham_Khao/Imgi_19_8fb1db26f85d6aef12c32a015e191e2.png.png
RENAME: 04_Anh_Tham_Khao/imgi_20_20240709163327540.jpg -> 04_Anh_Tham_Khao/Imgi_20_20240709163327540.jpg.jpg
RENAME: 04_Anh_Tham_Khao/imgi_20_20250812101652.png -> 04_Anh_Tham_Khao/Imgi_20_20250812101652.png.png
RENAME: 04_Anh_Tham_Khao/imgi_21_20240709163317253.jpg -> 04_Anh_Tham_Khao/Imgi_21_20240709163317253.jpg.jpg
RENAME: 04_Anh_Tham_Khao/imgi_21_Retro_Vintage_.png -> 04_Anh_Tham_Khao/Imgi_21_hoai_co_hoai_co_.png.png
RENAME: 04_Anh_Tham_Khao/imgi_22_.png -> 04_Anh_Tham_Khao/Imgi_22_.png.png
RENAME: 04_Anh_Tham_Khao/imgi_22_92befc277b62be21e1c4e6dccfbc122.png -> 04_Anh_Tham_Khao/Imgi_22_92befc277b62be21e1c4e6dccfbc122.png.png
RENAME: 04_Anh_Tham_Khao/imgi_23_.png -> 04_Anh_Tham_Khao/Imgi_23_.png.png
RENAME: 04_Anh_Tham_Khao/imgi_23_TXD_Eternal.png -> 04_Anh_Tham_Khao/Imgi_23_txd_eternal.png.png
RENAME: 04_Anh_Tham_Khao/imgi_24_1.png -> 04_Anh_Tham_Khao/Imgi_24_1.png.png
RENAME: 04_Anh_Tham_Khao/imgi_25_20251120164310.png -> 04_Anh_Tham_Khao/Imgi_25_20251120164310.png.png
RENAME: 04_Anh_Tham_Khao/imgi_3_20240709161834838.jpg -> 04_Anh_Tham_Khao/Imgi_3_20240709161834838.jpg.jpg
RENAME: 04_Anh_Tham_Khao/imgi_3_20240709163732208.jpg -> 04_Anh_Tham_Khao/Imgi_3_20240709163732208.jpg.jpg
RENAME: 04_Anh_Tham_Khao/imgi_3_20240709164112701.jpg -> 04_Anh_Tham_Khao/Imgi_3_20240709164112701.jpg.jpg
RENAME: 04_Anh_Tham_Khao/imgi_4_20240709161846817.jpg -> 04_Anh_Tham_Khao/Imgi_4_20240709161846817.jpg.jpg
RENAME: 04_Anh_Tham_Khao/imgi_4_20240709163716869.jpg -> 04_Anh_Tham_Khao/Imgi_4_20240709163716869.jpg.jpg
RENAME: 04_Anh_Tham_Khao/imgi_4_20240709164101860.jpg -> 04_Anh_Tham_Khao/Imgi_4_20240709164101860.jpg.jpg
RENAME: 04_Anh_Tham_Khao/imgi_5_20240709161902757.jpg -> 04_Anh_Tham_Khao/Imgi_5_20240709161902757.jpg.jpg
RENAME: 04_Anh_Tham_Khao/imgi_5_20240709163707940.jpg -> 04_Anh_Tham_Khao/Imgi_5_20240709163707940.jpg.jpg
RENAME: 04_Anh_Tham_Khao/imgi_5_20240709164050191.jpg -> 04_Anh_Tham_Khao/Imgi_5_20240709164050191.jpg.jpg
RENAME: 04_Anh_Tham_Khao/imgi_6_20240709162027993.jpg -> 04_Anh_Tham_Khao/Imgi_6_20240709162027993.jpg.jpg
RENAME: 04_Anh_Tham_Khao/imgi_6_20240709163656109.jpg -> 04_Anh_Tham_Khao/Imgi_6_20240709163656109.jpg.jpg
RENAME: 04_Anh_Tham_Khao/imgi_6_20240709164039372.jpg -> 04_Anh_Tham_Khao/Imgi_6_20240709164039372.jpg.jpg
RENAME: 04_Anh_Tham_Khao/imgi_7_20240709162044211.jpg -> 04_Anh_Tham_Khao/Imgi_7_20240709162044211.jpg.jpg
RENAME: 04_Anh_Tham_Khao/imgi_7_20240709163637435.jpg -> 04_Anh_Tham_Khao/Imgi_7_20240709163637435.jpg.jpg
RENAME: 04_Anh_Tham_Khao/imgi_7_20240709164029543.jpg -> 04_Anh_Tham_Khao/Imgi_7_20240709164029543.jpg.jpg
RENAME: 04_Anh_Tham_Khao/imgi_8_20240709162104814.jpg -> 04_Anh_Tham_Khao/Imgi_8_20240709162104814.jpg.jpg
RENAME: 04_Anh_Tham_Khao/imgi_8_20240709163625338.jpg -> 04_Anh_Tham_Khao/Imgi_8_20240709163625338.jpg.jpg
RENAME: 04_Anh_Tham_Khao/imgi_8_20240709164020786.jpg -> 04_Anh_Tham_Khao/Imgi_8_20240709164020786.jpg.jpg
RENAME: 04_Anh_Tham_Khao/imgi_9_20240709162130684.jpg -> 04_Anh_Tham_Khao/Imgi_9_20240709162130684.jpg.jpg
RENAME: 04_Anh_Tham_Khao/imgi_9_20240709163607910.jpg -> 04_Anh_Tham_Khao/Imgi_9_20240709163607910.jpg.jpg
RENAME: 04_Anh_Tham_Khao/LUT_Phong_cach_Dien_anh_Ho_tro_va_Giao_luu_them.JPG -> 04_Anh_Tham_Khao/Lut_phong_cach_dien_anh_ho_tro_va_giao_luu_them.jpg.JPG
RENAME: 04_Anh_Tham_Khao/LUT_Phong_cach_Dien_anh_Su_dung_Phai_xem.png -> 04_Anh_Tham_Khao/Lut_phong_cach_dien_anh_su_dung_phai_xem.png.png
RENAME: 04_Anh_Tham_Khao/LUT_Phong_cach_Dien_anh_Su_dung_Phai_xem_1.png -> 04_Anh_Tham_Khao/Lut_phong_cach_dien_anh_su_dung_phai_xem_1.png.png
RENAME: 04_Anh_Tham_Khao/lut_Su_dung_Phai_xem.png -> 04_Anh_Tham_Khao/Lut_su_dung_phai_xem.png.png
RENAME: 04_Anh_Tham_Khao/Phong_cach_Hong_Kong_.jpg -> 04_Anh_Tham_Khao/Phong_cach_hong_kong_.jpg.jpg
RENAME: 04_Anh_Tham_Khao/Phong_canhMau_sac_.jpg -> 04_Anh_Tham_Khao/Phong_canhmau_sac_.jpg.jpg
RENAME: 04_Anh_Tham_Khao/Retro_Vintage_.jpg -> 04_Anh_Tham_Khao/Hoai_co_hoai_co_.jpg.jpg
RENAME: 04_Anh_Tham_Khao/Su_dung_.jpg -> 04_Anh_Tham_Khao/Su_dung_.jpg.jpg
RENAME: 04_Anh_Tham_Khao/Su_dung_Phai_xem.png -> 04_Anh_Tham_Khao/Su_dung_phai_xem.png.png
RENAME: 04_Anh_Tham_Khao/_5_imgi_10_20240709163955552.jpg -> 04_Anh_Tham_Khao/5_imgi_10_20240709163955552.jpg.jpg
RENAME: 04_Anh_Tham_Khao/_5_imgi_19_8fb1db26f85d6aef12c32a015e191e2.png -> 04_Anh_Tham_Khao/5_imgi_19_8fb1db26f85d6aef12c32a015e191e2.png.png
RENAME: 04_Anh_Tham_Khao/_5_imgi_20_20250812101652.png -> 04_Anh_Tham_Khao/5_imgi_20_20250812101652.png.png
RENAME: 05_Tep_Nen_Archive/Danh_cho_iPhone_ban_Tieu_chuan.zip -> 05_Tep_Nen_Archive/Danh_cho_iphone_ban_tieu_chuan.zip.zip
RENAME: 05_Tep_Nen_Archive/Kim_709LUT_iPhone_Tieu_chuan.zip -> 05_Tep_Nen_Archive/Kim_709lut_iphone_tieu_chuan.zip.zip
RENAME: 05_Tep_Nen_Archive/LUT_Dien_anh_iPhone_15Pro_tro_len.7z -> 05_Tep_Nen_Archive/Lut_dien_anh_iphone_15pro_tro_len.7z.7z
RENAME: 05_Tep_Nen_Archive/Series_bo_loc_phong_cach_INS.zip -> 05_Tep_Nen_Archive/Series_bo_loc_phong_cach_ins.zip.zip
RENAME: 05_Tep_Nen_Archive/Tong_hop_Watermark_Logo_may_anh.zip -> 05_Tep_Nen_Archive/Tong_hop_watermark_brand_8_o_may_anh.zip.zip
RENAME: 05_Tep_Nen_Archive/Tong_hop_Watermark_Thuong_hieu.zip -> 05_Tep_Nen_Archive/Tong_hop_watermark_thuong_hieu.zip.zip
RENAME: 06_Tai_Lieu_Huong_Dan/Bo_LUT_CuratorLin_Phien_ban_2025_Huong_dan_nhap_LUT_vao_Photoshop.txt -> 06_Tai_Lieu_Huong_Dan/Bo_lut_curatorlin_phien_ban_2025_huong_dan_nhap_lut_vao_photoshop.txt.txt
RENAME: 06_Tai_Lieu_Huong_Dan/Huong_dan_nhap_LUT_vao_Photoshop.txt -> 06_Tai_Lieu_Huong_Dan/Huong_dan_nhap_lut_vao_photoshop.txt.txt
RENAME: 07_Apple_Log_iPhone_15Pro_Plus/AppleLogLUTsv1.0.zip -> 07_Apple_Log_iPhone_15Pro_Plus/Brand_4_brand_8_lutsv1.0.zip.zip
RENAME: 07_Apple_Log_iPhone_15Pro_Plus/Apple_Log_1_AppleLogLUTsv1.0.zip -> 07_Apple_Log_iPhone_15Pro_Plus/Brand_4_brand_8_1_brand_4_brand_8_lutsv1.0.zip.zip
RENAME: 07_Apple_Log_iPhone_15Pro_Plus/Apple_Log_1_Apple_Log_Profile_WhitePaper_Sept2023_V1.1.pdf -> 07_Apple_Log_iPhone_15Pro_Plus/Brand_4_brand_8_1_brand_4_brand_8_profile_whitepaper_sept2023_v1.1.pdf.pdf
RENAME: 07_Apple_Log_iPhone_15Pro_Plus/Apple_Log_2_Apple_Log_2_LUTs.zip -> 07_Apple_Log_iPhone_15Pro_Plus/Brand_4_brand_8_2_brand_4_brand_8_2_luts.zip.zip
RENAME: 07_Apple_Log_iPhone_15Pro_Plus/Apple_Log_2_Apple_Log_2_White_Paper.pdf -> 07_Apple_Log_iPhone_15Pro_Plus/Brand_4_brand_8_2_brand_4_brand_8_2_trang_paper.pdf.pdf
RENAME: 07_Apple_Log_iPhone_15Pro_Plus/Apple_Log_2_LUTs.zip -> 07_Apple_Log_iPhone_15Pro_Plus/Brand_4_brand_8_2_luts.zip.zip
RENAME: 07_Apple_Log_iPhone_15Pro_Plus/Apple_Log_2_White_Paper.pdf -> 07_Apple_Log_iPhone_15Pro_Plus/Brand_4_brand_8_2_trang_paper.pdf.pdf
RENAME: 07_Apple_Log_iPhone_15Pro_Plus/Apple_Log_Profile_WhitePaper_Sept2023_V1.1.pdf -> 07_Apple_Log_iPhone_15Pro_Plus/Brand_4_brand_8_profile_whitepaper_sept2023_v1.1.pdf.pdf
RENAME: 07_Apple_Log_iPhone_15Pro_Plus/Bo_loc_Dien_anh_moi_nhat_Apple_Log.zip -> 07_Apple_Log_iPhone_15Pro_Plus/Bo_loc_dien_anh_moi_nhat_brand_4_brand_8_.zip.zip
RENAME: 07_Apple_Log_iPhone_15Pro_Plus/Kim_AppleLogLUT_iPhone_15_16_17Pro.zip -> 07_Apple_Log_iPhone_15Pro_Plus/Kim_brand_4_brand_8_lut_iphone_15_16_17pro.zip.zip
RENAME: 07_Apple_Log_iPhone_15Pro_Plus/Format_CUBE/Anime_.cube -> 07_Apple_Log_iPhone_15Pro_Plus/Format_CUBE/Anime.cube
RENAME: 07_Apple_Log_iPhone_15Pro_Plus/Format_CUBE/Apple_Log_To_Rec709.cube -> 07_Apple_Log_iPhone_15Pro_Plus/Format_CUBE/Brand_4_brand_8_to_brand_6.cube
RENAME: 07_Apple_Log_iPhone_15Pro_Plus/Format_CUBE/Apple_Log_To_Rec709_Fix.cube -> 07_Apple_Log_iPhone_15Pro_Plus/Format_CUBE/Brand_4_brand_8_to_brand_6_fix.cube
RENAME: 07_Apple_Log_iPhone_15Pro_Plus/Format_CUBE/Bai_bienBeach_V1_-_Mydo.cube -> 07_Apple_Log_iPhone_15Pro_Plus/Format_CUBE/Bai_bienbeach_v1_mydo.cube
RENAME: 07_Apple_Log_iPhone_15Pro_Plus/Format_CUBE/Bai_bienBeach_V2_-_Mydo.cube -> 07_Apple_Log_iPhone_15Pro_Plus/Format_CUBE/Bai_bienbeach_v2_mydo.cube
RENAME: 07_Apple_Log_iPhone_15Pro_Plus/Format_CUBE/Bai_bienBeach_V3_-_Mydo.cube -> 07_Apple_Log_iPhone_15Pro_Plus/Format_CUBE/Bai_bienbeach_v3_mydo.cube
RENAME: 07_Apple_Log_iPhone_15Pro_Plus/Format_CUBE/Bai_bienBeach_V4_-_Mydo.cube -> 07_Apple_Log_iPhone_15Pro_Plus/Format_CUBE/Bai_bienbeach_v4_mydo.cube
RENAME: 07_Apple_Log_iPhone_15Pro_Plus/Format_CUBE/Bai_bienBeach_V5_-_Mydo.cube -> 07_Apple_Log_iPhone_15Pro_Plus/Format_CUBE/Bai_bienbeach_v5_mydo.cube
RENAME: 07_Apple_Log_iPhone_15Pro_Plus/Format_CUBE/Boho_V1_-_Mydo.cube -> 07_Apple_Log_iPhone_15Pro_Plus/Format_CUBE/Boho_v1_mydo.cube
RENAME: 07_Apple_Log_iPhone_15Pro_Plus/Format_CUBE/Boho_V2_-_Mydo.cube -> 07_Apple_Log_iPhone_15Pro_Plus/Format_CUBE/Boho_v2_mydo.cube
RENAME: 07_Apple_Log_iPhone_15Pro_Plus/Format_CUBE/Chinh_thucAppleLogToRec709-v1.0.cube -> 07_Apple_Log_iPhone_15Pro_Plus/Format_CUBE/Chinh_thuc_brand_4_brand_8_to_brand_6_v1.0.cube
RENAME: 07_Apple_Log_iPhone_15Pro_Plus/Format_CUBE/CINE1Retro_Vintage_.cube -> 07_Apple_Log_iPhone_15Pro_Plus/Format_CUBE/Cine1retro_hoai_co.cube
RENAME: 07_Apple_Log_iPhone_15Pro_Plus/Format_CUBE/cine2_.cube -> 07_Apple_Log_iPhone_15Pro_Plus/Format_CUBE/Dien_anh_v2.cube
RENAME: 07_Apple_Log_iPhone_15Pro_Plus/Format_CUBE/cine3Phim_Dien_anh_.cube -> 07_Apple_Log_iPhone_15Pro_Plus/Format_CUBE/Cine3phim_dien_anh.cube
RENAME: 07_Apple_Log_iPhone_15Pro_Plus/Format_CUBE/cine4Phim_Dien_anh_.cube -> 07_Apple_Log_iPhone_15Pro_Plus/Format_CUBE/Cine4phim_dien_anh.cube
RENAME: 07_Apple_Log_iPhone_15Pro_Plus/Format_CUBE/cinematicPhim_Dien_anh_.cube -> 07_Apple_Log_iPhone_15Pro_Plus/Format_CUBE/Cinematicphim_dien_anh.cube
RENAME: 07_Apple_Log_iPhone_15Pro_Plus/Format_CUBE/Co_trangancient_V1_-_Mydo.cube -> 07_Apple_Log_iPhone_15Pro_Plus/Format_CUBE/Co_trangancient_v1_mydo.cube
RENAME: 07_Apple_Log_iPhone_15Pro_Plus/Format_CUBE/Co_trangancient_V2_-_Mydo.cube -> 07_Apple_Log_iPhone_15Pro_Plus/Format_CUBE/Co_trangancient_v2_mydo.cube
RENAME: 07_Apple_Log_iPhone_15Pro_Plus/Format_CUBE/Co_trangancient_V3_-_Mydo.cube -> 07_Apple_Log_iPhone_15Pro_Plus/Format_CUBE/Co_trangancient_v3_mydo.cube
RENAME: 07_Apple_Log_iPhone_15Pro_Plus/Format_CUBE/Co_trangancient_V4_-_Mydo.cube -> 07_Apple_Log_iPhone_15Pro_Plus/Format_CUBE/Co_trangancient_v4_mydo.cube
RENAME: 07_Apple_Log_iPhone_15Pro_Plus/Format_CUBE/Dam_cuoi_Weddingwedding_V1_-_Mydo.cube -> 07_Apple_Log_iPhone_15Pro_Plus/Format_CUBE/Dam_cuoi_weddingwedding_v1_mydo.cube
RENAME: 07_Apple_Log_iPhone_15Pro_Plus/Format_CUBE/Dam_cuoi_Weddingwedding_V2_-_Mydo.cube -> 07_Apple_Log_iPhone_15Pro_Plus/Format_CUBE/Dam_cuoi_weddingwedding_v2_mydo.cube
RENAME: 07_Apple_Log_iPhone_15Pro_Plus/Format_CUBE/Dam_cuoi_Weddingwedding_V3_-_Mydo.cube -> 07_Apple_Log_iPhone_15Pro_Plus/Format_CUBE/Dam_cuoi_weddingwedding_v3_mydo.cube
RENAME: 07_Apple_Log_iPhone_15Pro_Plus/Format_CUBE/Dam_cuoi_Weddingwedding_V4_-_Mydo(1).cube -> 07_Apple_Log_iPhone_15Pro_Plus/Format_CUBE/Dam_cuoi_weddingwedding_v4_mydo_1.cube
RENAME: 07_Apple_Log_iPhone_15Pro_Plus/Format_CUBE/Dam_cuoi_Weddingwedding_V4_-_Mydo.cube -> 07_Apple_Log_iPhone_15Pro_Plus/Format_CUBE/Dam_cuoi_weddingwedding_v4_mydo.cube
RENAME: 07_Apple_Log_iPhone_15Pro_Plus/Format_CUBE/Dam_cuoi_Weddingwedding_V5_-_Mydo.cube -> 07_Apple_Log_iPhone_15Pro_Plus/Format_CUBE/Dam_cuoi_weddingwedding_v5_mydo.cube
RENAME: 07_Apple_Log_iPhone_15Pro_Plus/Format_CUBE/Dam_cuoi_Wedding_WDartistic_-_Mydo.cube -> 07_Apple_Log_iPhone_15Pro_Plus/Format_CUBE/Dam_cuoi_dam_cuoi_wdartistic_mydo.cube
RENAME: 07_Apple_Log_iPhone_15Pro_Plus/Format_CUBE/Dam_cuoi_Wedding_WDfilm_-_Mydo.cube -> 07_Apple_Log_iPhone_15Pro_Plus/Format_CUBE/Dam_cuoi_dam_cuoi_wdfilm_mydo.cube
RENAME: 07_Apple_Log_iPhone_15Pro_Plus/Format_CUBE/Dam_cuoi_Wedding_WDfollow_-_Mydo.cube -> 07_Apple_Log_iPhone_15Pro_Plus/Format_CUBE/Dam_cuoi_dam_cuoi_wdfollow_mydo.cube
RENAME: 07_Apple_Log_iPhone_15Pro_Plus/Format_CUBE/Dam_cuoi_Wedding_WDlight_-_Mydo.cube -> 07_Apple_Log_iPhone_15Pro_Plus/Format_CUBE/Dam_cuoi_dam_cuoi_wdlight_mydo.cube
RENAME: 07_Apple_Log_iPhone_15Pro_Plus/Format_CUBE/Dam_cuoi_Wedding_WDroom_-_Mydo.cube -> 07_Apple_Log_iPhone_15Pro_Plus/Format_CUBE/Dam_cuoi_dam_cuoi_wdroom_mydo.cube
RENAME: 07_Apple_Log_iPhone_15Pro_Plus/Format_CUBE/Dien_anhStrip_-_Mydo.cube -> 07_Apple_Log_iPhone_15Pro_Plus/Format_CUBE/Dien_anhstrip_mydo.cube
RENAME: 07_Apple_Log_iPhone_15Pro_Plus/Format_CUBE/documentary_V1_-_Mydo.cube -> 07_Apple_Log_iPhone_15Pro_Plus/Format_CUBE/Documentary_v1_mydo.cube
RENAME: 07_Apple_Log_iPhone_15Pro_Plus/Format_CUBE/documentary_V2_-_Mydo.cube -> 07_Apple_Log_iPhone_15Pro_Plus/Format_CUBE/Documentary_v2_mydo.cube
RENAME: 07_Apple_Log_iPhone_15Pro_Plus/Format_CUBE/documentary_V3_-_Mydo.cube -> 07_Apple_Log_iPhone_15Pro_Plus/Format_CUBE/Documentary_v3_mydo.cube
RENAME: 07_Apple_Log_iPhone_15Pro_Plus/Format_CUBE/Fuji_3513_-_Mydo.cube -> 07_Apple_Log_iPhone_15Pro_Plus/Format_CUBE/Brand_3_3513_mydo.cube
RENAME: 07_Apple_Log_iPhone_15Pro_Plus/Format_CUBE/Fuji_V1_-_Mydo.cube -> 07_Apple_Log_iPhone_15Pro_Plus/Format_CUBE/Brand_3_v1_mydo.cube
RENAME: 07_Apple_Log_iPhone_15Pro_Plus/Format_CUBE/Fuji_V2_-_Mydo.cube -> 07_Apple_Log_iPhone_15Pro_Plus/Format_CUBE/Brand_3_v2_mydo.cube
RENAME: 07_Apple_Log_iPhone_15Pro_Plus/Format_CUBE/Gray_V1_-_Mydo.cube -> 07_Apple_Log_iPhone_15Pro_Plus/Format_CUBE/Gray_v1_mydo.cube
RENAME: 07_Apple_Log_iPhone_15Pro_Plus/Format_CUBE/Gray_V2_-_Mydo.cube -> 07_Apple_Log_iPhone_15Pro_Plus/Format_CUBE/Gray_v2_mydo.cube
RENAME: 07_Apple_Log_iPhone_15Pro_Plus/Format_CUBE/INS_V1_-_Mydo.cube -> 07_Apple_Log_iPhone_15Pro_Plus/Format_CUBE/Ins_v1_mydo.cube
RENAME: 07_Apple_Log_iPhone_15Pro_Plus/Format_CUBE/INS_V2_-_Mydo.cube -> 07_Apple_Log_iPhone_15Pro_Plus/Format_CUBE/Ins_v2_mydo.cube
RENAME: 07_Apple_Log_iPhone_15Pro_Plus/Format_CUBE/INS_V3_-_Mydo.cube -> 07_Apple_Log_iPhone_15Pro_Plus/Format_CUBE/Ins_v3_mydo.cube
RENAME: 07_Apple_Log_iPhone_15Pro_Plus/Format_CUBE/Kim_人像富士8563_AppleLog.cube -> 07_Apple_Log_iPhone_15Pro_Plus/Format_CUBE/Kim_8563_brand_4_brand_8.cube
RENAME: 07_Apple_Log_iPhone_15Pro_Plus/Format_CUBE/Kim_仿电影机原生色彩_AppleLog.cube -> 07_Apple_Log_iPhone_15Pro_Plus/Format_CUBE/Kim_brand_4_brand_8.cube
RENAME: 07_Apple_Log_iPhone_15Pro_Plus/Format_CUBE/Kim_复古柯达5274_AppleLog.cube -> 07_Apple_Log_iPhone_15Pro_Plus/Format_CUBE/Kim_5274_brand_4_brand_8.cube
RENAME: 07_Apple_Log_iPhone_15Pro_Plus/Format_CUBE/Kim_强对比低饱和富士8552_AppleLog.cube -> 07_Apple_Log_iPhone_15Pro_Plus/Format_CUBE/Kim_8552_brand_4_brand_8.cube
RENAME: 07_Apple_Log_iPhone_15Pro_Plus/Format_CUBE/KodakKodak_2383_-_Mydo.cube -> 07_Apple_Log_iPhone_15Pro_Plus/Format_CUBE/Brand_0_brand_0_2383_mydo.cube
RENAME: 07_Apple_Log_iPhone_15Pro_Plus/Format_CUBE/Kodak_Kodak_V1_-_Mydo.cube -> 07_Apple_Log_iPhone_15Pro_Plus/Format_CUBE/Brand_0_brand_0_v1_mydo.cube
RENAME: 07_Apple_Log_iPhone_15Pro_Plus/Format_CUBE/Kodak_Kodak_V2_-_Mydo.cube -> 07_Apple_Log_iPhone_15Pro_Plus/Format_CUBE/Brand_0_brand_0_v2_mydo.cube
RENAME: 07_Apple_Log_iPhone_15Pro_Plus/Format_CUBE/Kora_-_Mydo.cube -> 07_Apple_Log_iPhone_15Pro_Plus/Format_CUBE/Kora_mydo.cube
RENAME: 07_Apple_Log_iPhone_15Pro_Plus/Format_CUBE/Memoir_-_Mydo.cube -> 07_Apple_Log_iPhone_15Pro_Plus/Format_CUBE/Memoir_mydo.cube
RENAME: 07_Apple_Log_iPhone_15Pro_Plus/Format_CUBE/Phim_Dien_anh_Duotone_-_Mydo.cube -> 07_Apple_Log_iPhone_15Pro_Plus/Format_CUBE/Phim_dien_anh_duotone_mydo.cube
RENAME: 07_Apple_Log_iPhone_15Pro_Plus/Format_CUBE/Phim_Dien_anh_Hannbal_-_Mydo.cube -> 07_Apple_Log_iPhone_15Pro_Plus/Format_CUBE/Phim_dien_anh_hannbal_mydo.cube
RENAME: 07_Apple_Log_iPhone_15Pro_Plus/Format_CUBE/Phim_Dien_anh_wonder.cube -> 07_Apple_Log_iPhone_15Pro_Plus/Format_CUBE/Phim_dien_anh_wonder.cube
RENAME: 07_Apple_Log_iPhone_15Pro_Plus/Format_CUBE/Phong_cach_Hong_KongHongKong_V1_-_Mydo.cube -> 07_Apple_Log_iPhone_15Pro_Plus/Format_CUBE/Phong_cach_hong_konghongkong_v1_mydo.cube
RENAME: 07_Apple_Log_iPhone_15Pro_Plus/Format_CUBE/Phong_cach_Hong_KongHongKong_V2_-_Mydo.cube -> 07_Apple_Log_iPhone_15Pro_Plus/Format_CUBE/Phong_cach_hong_konghongkong_v2_mydo.cube
RENAME: 07_Apple_Log_iPhone_15Pro_Plus/Format_CUBE/Phong_cach_Hong_KongHongKong_V3_-_Mydo.cube -> 07_Apple_Log_iPhone_15Pro_Plus/Format_CUBE/Phong_cach_hong_konghongkong_v3_mydo.cube
RENAME: 07_Apple_Log_iPhone_15Pro_Plus/Format_CUBE/Phong_cach_Hong_KongHongKong_V4_-_Mydo.cube -> 07_Apple_Log_iPhone_15Pro_Plus/Format_CUBE/Phong_cach_hong_konghongkong_v4_mydo.cube
RENAME: 07_Apple_Log_iPhone_15Pro_Plus/Format_CUBE/Phong_cach_Hong_KongHongKong_V5_-_Mydo.cube -> 07_Apple_Log_iPhone_15Pro_Plus/Format_CUBE/Phong_cach_hong_konghongkong_v5_mydo.cube
RENAME: 07_Apple_Log_iPhone_15Pro_Plus/Format_CUBE/Phong_cach_Hong_KongHongKong_V6_-_Mydo.cube -> 07_Apple_Log_iPhone_15Pro_Plus/Format_CUBE/Phong_cach_hong_konghongkong_v6_mydo.cube
RENAME: 07_Apple_Log_iPhone_15Pro_Plus/Format_CUBE/Retro_VintageCo_trangretro_ancient_V1_-_Mydo.cube -> 07_Apple_Log_iPhone_15Pro_Plus/Format_CUBE/Hoai_co_vintageco_trangretro_co_trang_v1_mydo.cube
RENAME: 07_Apple_Log_iPhone_15Pro_Plus/Format_CUBE/Retro_VintageCo_trangretro_ancient_V2_-_Mydo.cube -> 07_Apple_Log_iPhone_15Pro_Plus/Format_CUBE/Hoai_co_vintageco_trangretro_co_trang_v2_mydo.cube
RENAME: 07_Apple_Log_iPhone_15Pro_Plus/Format_CUBE/Retro_VintageRetro_V1_-_Mydo.cube -> 07_Apple_Log_iPhone_15Pro_Plus/Format_CUBE/Hoai_co_vintageretro_v1_mydo.cube
RENAME: 07_Apple_Log_iPhone_15Pro_Plus/Format_CUBE/Retro_VintageRetro_V2_-_Mydo.cube -> 07_Apple_Log_iPhone_15Pro_Plus/Format_CUBE/Hoai_co_vintageretro_v2_mydo.cube
RENAME: 07_Apple_Log_iPhone_15Pro_Plus/Format_CUBE/Retro_Vintage_Fashion_-_Mydo.cube -> 07_Apple_Log_iPhone_15Pro_Plus/Format_CUBE/Hoai_co_hoai_co_fashion_mydo.cube
RENAME: 07_Apple_Log_iPhone_15Pro_Plus/Format_CUBE/Skin_tone_Tong_mau_daportait_tone_V1_-_Mydo.cube -> 07_Apple_Log_iPhone_15Pro_Plus/Format_CUBE/Skin_tone_tong_mau_daportait_tone_v1_mydo.cube
RENAME: 07_Apple_Log_iPhone_15Pro_Plus/Format_CUBE/Skin_tone_Tong_mau_daportait_tone_V2_-_Mydo.cube -> 07_Apple_Log_iPhone_15Pro_Plus/Format_CUBE/Skin_tone_tong_mau_daportait_tone_v2_mydo.cube
RENAME: 07_Apple_Log_iPhone_15Pro_Plus/Format_CUBE/Skin_tone_Tong_mau_daportait_tone_V3_-_Mydo.cube -> 07_Apple_Log_iPhone_15Pro_Plus/Format_CUBE/Skin_tone_tong_mau_daportait_tone_v3_mydo.cube
RENAME: 07_Apple_Log_iPhone_15Pro_Plus/Format_CUBE/官方AppleLogToRec709-v1.0.cube -> 07_Apple_Log_iPhone_15Pro_Plus/Format_CUBE/brand_4_brand_8_to_brand_6_v1.0.cube